2020-12-30 14:31:47.290 INFO  [main] c.d.c.ElasticSearchApplication:Starting ElasticSearchApplication on W26-260477 with PID 22492 (E:\project-duplication\elasticsearch\target\classes started by 260477 in E:\project-duplication\elasticsearch)
2020-12-30 14:31:47.294 INFO  [main] c.d.c.ElasticSearchApplication:The following profiles are active: local
2020-12-30 14:31:48.791 INFO  [main] o.s.b.w.e.t.TomcatWebServer:Tomcat initialized with port(s): 8080 (http)
2020-12-30 14:31:48.818 INFO  [main] o.a.c.h.Http11NioProtocol:Initializing ProtocolHandler ["http-nio-8080"]
2020-12-30 14:31:48.832 INFO  [main] o.a.c.c.StandardService:Starting service [Tomcat]
2020-12-30 14:31:48.833 INFO  [main] o.a.c.c.StandardEngine:Starting Servlet engine: [Apache Tomcat/9.0.37]
2020-12-30 14:31:49.173 INFO  [main] o.a.c.c.C.[.[.[/]:Initializing Spring embedded WebApplicationContext
2020-12-30 14:31:49.173 INFO  [main] o.s.w.c.ContextLoader:Root WebApplicationContext: initialization completed in 1827 ms
2020-12-30 14:31:50.106 INFO  [main] o.s.s.c.ThreadPoolTaskExecutor:Initializing ExecutorService 'applicationTaskExecutor'
2020-12-30 14:31:50.295 INFO  [main] o.a.c.h.Http11NioProtocol:Starting ProtocolHandler ["http-nio-8080"]
2020-12-30 14:31:50.313 INFO  [main] o.s.b.w.e.t.TomcatWebServer:Tomcat started on port(s): 8080 (http) with context path ''
2020-12-30 14:31:50.317 INFO  [main] c.d.c.ElasticSearchApplication:Started ElasticSearchApplication in 3.715 seconds (JVM running for 4.854)
2020-12-30 14:32:37.249 INFO  [http-nio-8080-exec-2] o.a.c.c.C.[.[.[/]:Initializing Spring DispatcherServlet 'dispatcherServlet'
2020-12-30 14:32:37.249 INFO  [http-nio-8080-exec-2] o.s.w.s.DispatcherServlet:Initializing Servlet 'dispatcherServlet'
2020-12-30 14:32:37.256 INFO  [http-nio-8080-exec-2] o.s.w.s.DispatcherServlet:Completed initialization in 7 ms
2020-12-30 14:37:04.012 ERROR [http-nio-8080-exec-9] o.a.c.c.C.[.[.[.[dispatcherServlet]:Servlet.service() for servlet [dispatcherServlet] in context with path [] threw exception [Request processing failed; nested exception is ElasticsearchStatusException[Elasticsearch exception [type=mapper_parsing_exception, reason=Failed to parse mapping [_doc]: analyzer [ik_max_word] has not been configured in mappings]]; nested: ElasticsearchException[Elasticsearch exception [type=illegal_argument_exception, reason=analyzer [ik_max_word] has not been configured in mappings]];] with root cause
org.elasticsearch.ElasticsearchException: Elasticsearch exception [type=illegal_argument_exception, reason=analyzer [ik_max_word] has not been configured in mappings]
	at org.elasticsearch.ElasticsearchException.innerFromXContent(ElasticsearchException.java:496)
	at org.elasticsearch.ElasticsearchException.fromXContent(ElasticsearchException.java:407)
	at org.elasticsearch.ElasticsearchException.innerFromXContent(ElasticsearchException.java:437)
	at org.elasticsearch.ElasticsearchException.failureFromXContent(ElasticsearchException.java:603)
	at org.elasticsearch.rest.BytesRestResponse.errorFromXContent(BytesRestResponse.java:169)
	at org.elasticsearch.client.RestHighLevelClient.parseEntity(RestHighLevelClient.java:1793)
	at org.elasticsearch.client.RestHighLevelClient.parseResponseException(RestHighLevelClient.java:1770)
	at org.elasticsearch.client.RestHighLevelClient.internalPerformRequest(RestHighLevelClient.java:1527)
	at org.elasticsearch.client.RestHighLevelClient.performRequest(RestHighLevelClient.java:1484)
	at org.elasticsearch.client.RestHighLevelClient.performRequestAndParseEntity(RestHighLevelClient.java:1454)
	at org.elasticsearch.client.IndicesClient.putTemplate(IndicesClient.java:1272)
	at com.duan.cn.service.impl.UserIndexServiceImpl.putTemplate(UserIndexServiceImpl.java:87)
	at com.duan.cn.controller.GoodIndexController.putTemplate(GoodIndexController.java:20)
	at sun.reflect.NativeMethodAccessorImpl.invoke0(Native Method)
	at sun.reflect.NativeMethodAccessorImpl.invoke(NativeMethodAccessorImpl.java:62)
	at sun.reflect.DelegatingMethodAccessorImpl.invoke(DelegatingMethodAccessorImpl.java:43)
	at java.lang.reflect.Method.invoke(Method.java:498)
	at org.springframework.web.method.support.InvocableHandlerMethod.doInvoke(InvocableHandlerMethod.java:190)
	at org.springframework.web.method.support.InvocableHandlerMethod.invokeForRequest(InvocableHandlerMethod.java:138)
	at org.springframework.web.servlet.mvc.method.annotation.ServletInvocableHandlerMethod.invokeAndHandle(ServletInvocableHandlerMethod.java:105)
	at org.springframework.web.servlet.mvc.method.annotation.RequestMappingHandlerAdapter.invokeHandlerMethod(RequestMappingHandlerAdapter.java:892)
	at org.springframework.web.servlet.mvc.method.annotation.RequestMappingHandlerAdapter.handleInternal(RequestMappingHandlerAdapter.java:797)
	at org.springframework.web.servlet.mvc.method.AbstractHandlerMethodAdapter.handle(AbstractHandlerMethodAdapter.java:87)
	at org.springframework.web.servlet.DispatcherServlet.doDispatch(DispatcherServlet.java:1040)
	at org.springframework.web.servlet.DispatcherServlet.doService(DispatcherServlet.java:943)
	at org.springframework.web.servlet.FrameworkServlet.processRequest(FrameworkServlet.java:1006)
	at org.springframework.web.servlet.FrameworkServlet.doGet(FrameworkServlet.java:898)
	at javax.servlet.http.HttpServlet.service(HttpServlet.java:626)
	at org.springframework.web.servlet.FrameworkServlet.service(FrameworkServlet.java:883)
	at javax.servlet.http.HttpServlet.service(HttpServlet.java:733)
	at org.apache.catalina.core.ApplicationFilterChain.internalDoFilter(ApplicationFilterChain.java:231)
	at org.apache.catalina.core.ApplicationFilterChain.doFilter(ApplicationFilterChain.java:166)
	at org.apache.tomcat.websocket.server.WsFilter.doFilter(WsFilter.java:53)
	at org.apache.catalina.core.ApplicationFilterChain.internalDoFilter(ApplicationFilterChain.java:193)
	at org.apache.catalina.core.ApplicationFilterChain.doFilter(ApplicationFilterChain.java:166)
	at org.springframework.web.filter.RequestContextFilter.doFilterInternal(RequestContextFilter.java:100)
	at org.springframework.web.filter.OncePerRequestFilter.doFilter(OncePerRequestFilter.java:119)
	at org.apache.catalina.core.ApplicationFilterChain.internalDoFilter(ApplicationFilterChain.java:193)
	at org.apache.catalina.core.ApplicationFilterChain.doFilter(ApplicationFilterChain.java:166)
	at org.springframework.web.filter.FormContentFilter.doFilterInternal(FormContentFilter.java:93)
	at org.springframework.web.filter.OncePerRequestFilter.doFilter(OncePerRequestFilter.java:119)
	at org.apache.catalina.core.ApplicationFilterChain.internalDoFilter(ApplicationFilterChain.java:193)
	at org.apache.catalina.core.ApplicationFilterChain.doFilter(ApplicationFilterChain.java:166)
	at org.springframework.web.filter.HiddenHttpMethodFilter.doFilterInternal(HiddenHttpMethodFilter.java:94)
	at org.springframework.web.filter.OncePerRequestFilter.doFilter(OncePerRequestFilter.java:119)
	at org.apache.catalina.core.ApplicationFilterChain.internalDoFilter(ApplicationFilterChain.java:193)
	at org.apache.catalina.core.ApplicationFilterChain.doFilter(ApplicationFilterChain.java:166)
	at org.springframework.web.filter.CharacterEncodingFilter.doFilterInternal(CharacterEncodingFilter.java:201)
	at org.springframework.web.filter.OncePerRequestFilter.doFilter(OncePerRequestFilter.java:119)
	at org.apache.catalina.core.ApplicationFilterChain.internalDoFilter(ApplicationFilterChain.java:193)
	at org.apache.catalina.core.ApplicationFilterChain.doFilter(ApplicationFilterChain.java:166)
	at org.apache.catalina.core.StandardWrapperValve.invoke(StandardWrapperValve.java:202)
	at org.apache.catalina.core.StandardContextValve.invoke(StandardContextValve.java:96)
	at org.apache.catalina.authenticator.AuthenticatorBase.invoke(AuthenticatorBase.java:541)
	at org.apache.catalina.core.StandardHostValve.invoke(StandardHostValve.java:139)
	at org.apache.catalina.valves.ErrorReportValve.invoke(ErrorReportValve.java:92)
	at org.apache.catalina.core.StandardEngineValve.invoke(StandardEngineValve.java:74)
	at org.apache.catalina.connector.CoyoteAdapter.service(CoyoteAdapter.java:343)
	at org.apache.coyote.http11.Http11Processor.service(Http11Processor.java:373)
	at org.apache.coyote.AbstractProcessorLight.process(AbstractProcessorLight.java:65)
	at org.apache.coyote.AbstractProtocol$ConnectionHandler.process(AbstractProtocol.java:868)
	at org.apache.tomcat.util.net.NioEndpoint$SocketProcessor.doRun(NioEndpoint.java:1589)
	at org.apache.tomcat.util.net.SocketProcessorBase.run(SocketProcessorBase.java:49)
	at java.util.concurrent.ThreadPoolExecutor.runWorker(ThreadPoolExecutor.java:1149)
	at java.util.concurrent.ThreadPoolExecutor$Worker.run(ThreadPoolExecutor.java:624)
	at org.apache.tomcat.util.threads.TaskThread$WrappingRunnable.run(TaskThread.java:61)
	at java.lang.Thread.run(Thread.java:748)
2020-12-30 14:51:16.740 INFO  [Thread-3] o.s.s.c.ThreadPoolTaskExecutor:Shutting down ExecutorService 'applicationTaskExecutor'
2020-12-30 14:51:27.337 INFO  [main] c.d.c.ElasticSearchApplication:Starting ElasticSearchApplication on W26-260477 with PID 204 (E:\project-duplication\elasticsearch\target\classes started by 260477 in E:\project-duplication\elasticsearch)
2020-12-30 14:51:27.342 INFO  [main] c.d.c.ElasticSearchApplication:The following profiles are active: local
2020-12-30 14:51:28.686 INFO  [main] o.s.b.w.e.t.TomcatWebServer:Tomcat initialized with port(s): 8080 (http)
2020-12-30 14:51:28.709 INFO  [main] o.a.c.h.Http11NioProtocol:Initializing ProtocolHandler ["http-nio-8080"]
2020-12-30 14:51:28.725 INFO  [main] o.a.c.c.StandardService:Starting service [Tomcat]
2020-12-30 14:51:28.725 INFO  [main] o.a.c.c.StandardEngine:Starting Servlet engine: [Apache Tomcat/9.0.37]
2020-12-30 14:51:29.073 INFO  [main] o.a.c.c.C.[.[.[/]:Initializing Spring embedded WebApplicationContext
2020-12-30 14:51:29.073 INFO  [main] o.s.w.c.ContextLoader:Root WebApplicationContext: initialization completed in 1675 ms
2020-12-30 14:51:30.001 INFO  [main] o.s.s.c.ThreadPoolTaskExecutor:Initializing ExecutorService 'applicationTaskExecutor'
2020-12-30 14:51:30.198 INFO  [main] o.a.c.h.Http11NioProtocol:Starting ProtocolHandler ["http-nio-8080"]
2020-12-30 14:51:30.221 INFO  [main] o.s.b.w.e.t.TomcatWebServer:Tomcat started on port(s): 8080 (http) with context path ''
2020-12-30 14:51:30.224 INFO  [main] c.d.c.ElasticSearchApplication:Started ElasticSearchApplication in 3.5 seconds (JVM running for 4.684)
2020-12-30 14:51:36.130 INFO  [http-nio-8080-exec-1] o.a.c.c.C.[.[.[/]:Initializing Spring DispatcherServlet 'dispatcherServlet'
2020-12-30 14:51:36.131 INFO  [http-nio-8080-exec-1] o.s.w.s.DispatcherServlet:Initializing Servlet 'dispatcherServlet'
2020-12-30 14:51:36.136 INFO  [http-nio-8080-exec-1] o.s.w.s.DispatcherServlet:Completed initialization in 5 ms
2020-12-30 14:51:37.614 INFO  [http-nio-8080-exec-1] c.d.c.c.GoodIndexController:创建模版成功!
2020-12-30 14:58:04.641 INFO  [http-nio-8080-exec-8] c.d.c.c.GoodIndexController:创建index成功!
2020-12-30 15:00:38.428 INFO  [http-nio-8080-exec-9] c.d.c.c.GoodIndexController:插入状态:OK 数量:5 
2020-12-30 15:08:00.381 ERROR [http-nio-8080-exec-1] o.a.c.c.C.[.[.[.[dispatcherServlet]:Servlet.service() for servlet [dispatcherServlet] in context with path [] threw exception [Request processing failed; nested exception is java.lang.IllegalArgumentException: [match] requires query value] with root cause
java.lang.IllegalArgumentException: [match] requires query value
	at org.elasticsearch.index.query.MatchQueryBuilder.<init>(MatchQueryBuilder.java:111)
	at org.elasticsearch.index.query.QueryBuilders.matchQuery(QueryBuilders.java:62)
	at com.duan.cn.service.impl.UserIndexServiceImpl.query(UserIndexServiceImpl.java:145)
	at com.duan.cn.controller.GoodIndexController.query(GoodIndexController.java:50)
	at sun.reflect.NativeMethodAccessorImpl.invoke0(Native Method)
	at sun.reflect.NativeMethodAccessorImpl.invoke(NativeMethodAccessorImpl.java:62)
	at sun.reflect.DelegatingMethodAccessorImpl.invoke(DelegatingMethodAccessorImpl.java:43)
	at java.lang.reflect.Method.invoke(Method.java:498)
	at org.springframework.web.method.support.InvocableHandlerMethod.doInvoke(InvocableHandlerMethod.java:190)
	at org.springframework.web.method.support.InvocableHandlerMethod.invokeForRequest(InvocableHandlerMethod.java:138)
	at org.springframework.web.servlet.mvc.method.annotation.ServletInvocableHandlerMethod.invokeAndHandle(ServletInvocableHandlerMethod.java:105)
	at org.springframework.web.servlet.mvc.method.annotation.RequestMappingHandlerAdapter.invokeHandlerMethod(RequestMappingHandlerAdapter.java:892)
	at org.springframework.web.servlet.mvc.method.annotation.RequestMappingHandlerAdapter.handleInternal(RequestMappingHandlerAdapter.java:797)
	at org.springframework.web.servlet.mvc.method.AbstractHandlerMethodAdapter.handle(AbstractHandlerMethodAdapter.java:87)
	at org.springframework.web.servlet.DispatcherServlet.doDispatch(DispatcherServlet.java:1040)
	at org.springframework.web.servlet.DispatcherServlet.doService(DispatcherServlet.java:943)
	at org.springframework.web.servlet.FrameworkServlet.processRequest(FrameworkServlet.java:1006)
	at org.springframework.web.servlet.FrameworkServlet.doGet(FrameworkServlet.java:898)
	at javax.servlet.http.HttpServlet.service(HttpServlet.java:626)
	at org.springframework.web.servlet.FrameworkServlet.service(FrameworkServlet.java:883)
	at javax.servlet.http.HttpServlet.service(HttpServlet.java:733)
	at org.apache.catalina.core.ApplicationFilterChain.internalDoFilter(ApplicationFilterChain.java:231)
	at org.apache.catalina.core.ApplicationFilterChain.doFilter(ApplicationFilterChain.java:166)
	at org.apache.tomcat.websocket.server.WsFilter.doFilter(WsFilter.java:53)
	at org.apache.catalina.core.ApplicationFilterChain.internalDoFilter(ApplicationFilterChain.java:193)
	at org.apache.catalina.core.ApplicationFilterChain.doFilter(ApplicationFilterChain.java:166)
	at org.springframework.web.filter.RequestContextFilter.doFilterInternal(RequestContextFilter.java:100)
	at org.springframework.web.filter.OncePerRequestFilter.doFilter(OncePerRequestFilter.java:119)
	at org.apache.catalina.core.ApplicationFilterChain.internalDoFilter(ApplicationFilterChain.java:193)
	at org.apache.catalina.core.ApplicationFilterChain.doFilter(ApplicationFilterChain.java:166)
	at org.springframework.web.filter.FormContentFilter.doFilterInternal(FormContentFilter.java:93)
	at org.springframework.web.filter.OncePerRequestFilter.doFilter(OncePerRequestFilter.java:119)
	at org.apache.catalina.core.ApplicationFilterChain.internalDoFilter(ApplicationFilterChain.java:193)
	at org.apache.catalina.core.ApplicationFilterChain.doFilter(ApplicationFilterChain.java:166)
	at org.springframework.web.filter.HiddenHttpMethodFilter.doFilterInternal(HiddenHttpMethodFilter.java:94)
	at org.springframework.web.filter.OncePerRequestFilter.doFilter(OncePerRequestFilter.java:119)
	at org.apache.catalina.core.ApplicationFilterChain.internalDoFilter(ApplicationFilterChain.java:193)
	at org.apache.catalina.core.ApplicationFilterChain.doFilter(ApplicationFilterChain.java:166)
	at org.springframework.web.filter.CharacterEncodingFilter.doFilterInternal(CharacterEncodingFilter.java:201)
	at org.springframework.web.filter.OncePerRequestFilter.doFilter(OncePerRequestFilter.java:119)
	at org.apache.catalina.core.ApplicationFilterChain.internalDoFilter(ApplicationFilterChain.java:193)
	at org.apache.catalina.core.ApplicationFilterChain.doFilter(ApplicationFilterChain.java:166)
	at org.apache.catalina.core.StandardWrapperValve.invoke(StandardWrapperValve.java:202)
	at org.apache.catalina.core.StandardContextValve.invoke(StandardContextValve.java:96)
	at org.apache.catalina.authenticator.AuthenticatorBase.invoke(AuthenticatorBase.java:541)
	at org.apache.catalina.core.StandardHostValve.invoke(StandardHostValve.java:139)
	at org.apache.catalina.valves.ErrorReportValve.invoke(ErrorReportValve.java:92)
	at org.apache.catalina.core.StandardEngineValve.invoke(StandardEngineValve.java:74)
	at org.apache.catalina.connector.CoyoteAdapter.service(CoyoteAdapter.java:343)
	at org.apache.coyote.http11.Http11Processor.service(Http11Processor.java:373)
	at org.apache.coyote.AbstractProcessorLight.process(AbstractProcessorLight.java:65)
	at org.apache.coyote.AbstractProtocol$ConnectionHandler.process(AbstractProtocol.java:868)
	at org.apache.tomcat.util.net.NioEndpoint$SocketProcessor.doRun(NioEndpoint.java:1589)
	at org.apache.tomcat.util.net.SocketProcessorBase.run(SocketProcessorBase.java:49)
	at java.util.concurrent.ThreadPoolExecutor.runWorker(ThreadPoolExecutor.java:1149)
	at java.util.concurrent.ThreadPoolExecutor$Worker.run(ThreadPoolExecutor.java:624)
	at org.apache.tomcat.util.threads.TaskThread$WrappingRunnable.run(TaskThread.java:61)
	at java.lang.Thread.run(Thread.java:748)
2020-12-30 15:10:41.676 INFO  [Thread-3] o.s.s.c.ThreadPoolTaskExecutor:Shutting down ExecutorService 'applicationTaskExecutor'
2020-12-30 15:10:52.129 INFO  [main] c.d.c.ElasticSearchApplication:Starting ElasticSearchApplication on W26-260477 with PID 19700 (E:\project-duplication\elasticsearch\target\classes started by 260477 in E:\project-duplication\elasticsearch)
2020-12-30 15:10:52.135 INFO  [main] c.d.c.ElasticSearchApplication:The following profiles are active: local
2020-12-30 15:10:53.494 INFO  [main] o.s.b.w.e.t.TomcatWebServer:Tomcat initialized with port(s): 8080 (http)
2020-12-30 15:10:53.519 INFO  [main] o.a.c.h.Http11NioProtocol:Initializing ProtocolHandler ["http-nio-8080"]
2020-12-30 15:10:53.538 INFO  [main] o.a.c.c.StandardService:Starting service [Tomcat]
2020-12-30 15:10:53.538 INFO  [main] o.a.c.c.StandardEngine:Starting Servlet engine: [Apache Tomcat/9.0.37]
2020-12-30 15:10:53.838 INFO  [main] o.a.c.c.C.[.[.[/]:Initializing Spring embedded WebApplicationContext
2020-12-30 15:10:53.839 INFO  [main] o.s.w.c.ContextLoader:Root WebApplicationContext: initialization completed in 1653 ms
2020-12-30 15:10:54.672 INFO  [main] o.s.s.c.ThreadPoolTaskExecutor:Initializing ExecutorService 'applicationTaskExecutor'
2020-12-30 15:10:54.873 INFO  [main] o.a.c.h.Http11NioProtocol:Starting ProtocolHandler ["http-nio-8080"]
2020-12-30 15:10:54.893 INFO  [main] o.s.b.w.e.t.TomcatWebServer:Tomcat started on port(s): 8080 (http) with context path ''
2020-12-30 15:10:54.896 INFO  [main] c.d.c.ElasticSearchApplication:Started ElasticSearchApplication in 3.381 seconds (JVM running for 4.592)
2020-12-30 15:12:03.689 INFO  [http-nio-8080-exec-2] o.a.c.c.C.[.[.[/]:Initializing Spring DispatcherServlet 'dispatcherServlet'
2020-12-30 15:12:03.690 INFO  [http-nio-8080-exec-2] o.s.w.s.DispatcherServlet:Initializing Servlet 'dispatcherServlet'
2020-12-30 15:12:03.707 INFO  [http-nio-8080-exec-2] o.s.w.s.DispatcherServlet:Completed initialization in 17 ms
2020-12-30 15:13:36.858 WARN  [http-nio-8080-exec-5] o.s.w.s.m.s.DefaultHandlerExceptionResolver:Resolved [org.springframework.web.HttpRequestMethodNotSupportedException: Request method 'POST' not supported]
2020-12-30 15:14:08.455 ERROR [http-nio-8080-exec-6] o.a.c.c.C.[.[.[.[dispatcherServlet]:Servlet.service() for servlet [dispatcherServlet] in context with path [] threw exception [Request processing failed; nested exception is ElasticsearchStatusException[Elasticsearch exception [type=illegal_argument_exception, reason=no write index is defined for alias [goods_index]. The write index may be explicitly disabled using is_write_index=false or the alias points to multiple indices without one being designated as a write index]]] with root cause
org.elasticsearch.ElasticsearchStatusException: Elasticsearch exception [type=illegal_argument_exception, reason=no write index is defined for alias [goods_index]. The write index may be explicitly disabled using is_write_index=false or the alias points to multiple indices without one being designated as a write index]
	at org.elasticsearch.rest.BytesRestResponse.errorFromXContent(BytesRestResponse.java:177)
	at org.elasticsearch.client.RestHighLevelClient.parseEntity(RestHighLevelClient.java:1793)
	at org.elasticsearch.client.RestHighLevelClient.parseResponseException(RestHighLevelClient.java:1770)
	at org.elasticsearch.client.RestHighLevelClient.internalPerformRequest(RestHighLevelClient.java:1527)
	at org.elasticsearch.client.RestHighLevelClient.performRequest(RestHighLevelClient.java:1484)
	at org.elasticsearch.client.RestHighLevelClient.performRequestAndParseEntity(RestHighLevelClient.java:1454)
	at org.elasticsearch.client.RestHighLevelClient.update(RestHighLevelClient.java:921)
	at com.duan.cn.service.impl.UserIndexServiceImpl.update(UserIndexServiceImpl.java:137)
	at com.duan.cn.controller.GoodIndexController.update(GoodIndexController.java:44)
	at sun.reflect.NativeMethodAccessorImpl.invoke0(Native Method)
	at sun.reflect.NativeMethodAccessorImpl.invoke(NativeMethodAccessorImpl.java:62)
	at sun.reflect.DelegatingMethodAccessorImpl.invoke(DelegatingMethodAccessorImpl.java:43)
	at java.lang.reflect.Method.invoke(Method.java:498)
	at org.springframework.web.method.support.InvocableHandlerMethod.doInvoke(InvocableHandlerMethod.java:190)
	at org.springframework.web.method.support.InvocableHandlerMethod.invokeForRequest(InvocableHandlerMethod.java:138)
	at org.springframework.web.servlet.mvc.method.annotation.ServletInvocableHandlerMethod.invokeAndHandle(ServletInvocableHandlerMethod.java:105)
	at org.springframework.web.servlet.mvc.method.annotation.RequestMappingHandlerAdapter.invokeHandlerMethod(RequestMappingHandlerAdapter.java:892)
	at org.springframework.web.servlet.mvc.method.annotation.RequestMappingHandlerAdapter.handleInternal(RequestMappingHandlerAdapter.java:797)
	at org.springframework.web.servlet.mvc.method.AbstractHandlerMethodAdapter.handle(AbstractHandlerMethodAdapter.java:87)
	at org.springframework.web.servlet.DispatcherServlet.doDispatch(DispatcherServlet.java:1040)
	at org.springframework.web.servlet.DispatcherServlet.doService(DispatcherServlet.java:943)
	at org.springframework.web.servlet.FrameworkServlet.processRequest(FrameworkServlet.java:1006)
	at org.springframework.web.servlet.FrameworkServlet.doPut(FrameworkServlet.java:920)
	at javax.servlet.http.HttpServlet.service(HttpServlet.java:655)
	at org.springframework.web.servlet.FrameworkServlet.service(FrameworkServlet.java:883)
	at javax.servlet.http.HttpServlet.service(HttpServlet.java:733)
	at org.apache.catalina.core.ApplicationFilterChain.internalDoFilter(ApplicationFilterChain.java:231)
	at org.apache.catalina.core.ApplicationFilterChain.doFilter(ApplicationFilterChain.java:166)
	at org.apache.tomcat.websocket.server.WsFilter.doFilter(WsFilter.java:53)
	at org.apache.catalina.core.ApplicationFilterChain.internalDoFilter(ApplicationFilterChain.java:193)
	at org.apache.catalina.core.ApplicationFilterChain.doFilter(ApplicationFilterChain.java:166)
	at org.springframework.web.filter.RequestContextFilter.doFilterInternal(RequestContextFilter.java:100)
	at org.springframework.web.filter.OncePerRequestFilter.doFilter(OncePerRequestFilter.java:119)
	at org.apache.catalina.core.ApplicationFilterChain.internalDoFilter(ApplicationFilterChain.java:193)
	at org.apache.catalina.core.ApplicationFilterChain.doFilter(ApplicationFilterChain.java:166)
	at org.springframework.web.filter.FormContentFilter.doFilterInternal(FormContentFilter.java:93)
	at org.springframework.web.filter.OncePerRequestFilter.doFilter(OncePerRequestFilter.java:119)
	at org.apache.catalina.core.ApplicationFilterChain.internalDoFilter(ApplicationFilterChain.java:193)
	at org.apache.catalina.core.ApplicationFilterChain.doFilter(ApplicationFilterChain.java:166)
	at org.springframework.web.filter.HiddenHttpMethodFilter.doFilterInternal(HiddenHttpMethodFilter.java:94)
	at org.springframework.web.filter.OncePerRequestFilter.doFilter(OncePerRequestFilter.java:119)
	at org.apache.catalina.core.ApplicationFilterChain.internalDoFilter(ApplicationFilterChain.java:193)
	at org.apache.catalina.core.ApplicationFilterChain.doFilter(ApplicationFilterChain.java:166)
	at org.springframework.web.filter.CharacterEncodingFilter.doFilterInternal(CharacterEncodingFilter.java:201)
	at org.springframework.web.filter.OncePerRequestFilter.doFilter(OncePerRequestFilter.java:119)
	at org.apache.catalina.core.ApplicationFilterChain.internalDoFilter(ApplicationFilterChain.java:193)
	at org.apache.catalina.core.ApplicationFilterChain.doFilter(ApplicationFilterChain.java:166)
	at org.apache.catalina.core.StandardWrapperValve.invoke(StandardWrapperValve.java:202)
	at org.apache.catalina.core.StandardContextValve.invoke(StandardContextValve.java:96)
	at org.apache.catalina.authenticator.AuthenticatorBase.invoke(AuthenticatorBase.java:541)
	at org.apache.catalina.core.StandardHostValve.invoke(StandardHostValve.java:139)
	at org.apache.catalina.valves.ErrorReportValve.invoke(ErrorReportValve.java:92)
	at org.apache.catalina.core.StandardEngineValve.invoke(StandardEngineValve.java:74)
	at org.apache.catalina.connector.CoyoteAdapter.service(CoyoteAdapter.java:343)
	at org.apache.coyote.http11.Http11Processor.service(Http11Processor.java:373)
	at org.apache.coyote.AbstractProcessorLight.process(AbstractProcessorLight.java:65)
	at org.apache.coyote.AbstractProtocol$ConnectionHandler.process(AbstractProtocol.java:868)
	at org.apache.tomcat.util.net.NioEndpoint$SocketProcessor.doRun(NioEndpoint.java:1589)
	at org.apache.tomcat.util.net.SocketProcessorBase.run(SocketProcessorBase.java:49)
	at java.util.concurrent.ThreadPoolExecutor.runWorker(ThreadPoolExecutor.java:1149)
	at java.util.concurrent.ThreadPoolExecutor$Worker.run(ThreadPoolExecutor.java:624)
	at org.apache.tomcat.util.threads.TaskThread$WrappingRunnable.run(TaskThread.java:61)
	at java.lang.Thread.run(Thread.java:748)
	Suppressed: org.elasticsearch.client.ResponseException: method [POST], host [http://localhost:9200], URI [/goods_index/_update/0?timeout=1m], status line [HTTP/1.1 400 Bad Request]
{"error":{"root_cause":[{"type":"illegal_argument_exception","reason":"no write index is defined for alias [goods_index]. The write index may be explicitly disabled using is_write_index=false or the alias points to multiple indices without one being designated as a write index"}],"type":"illegal_argument_exception","reason":"no write index is defined for alias [goods_index]. The write index may be explicitly disabled using is_write_index=false or the alias points to multiple indices without one being designated as a write index"},"status":400}
		at org.elasticsearch.client.RestClient.convertResponse(RestClient.java:283)
		at org.elasticsearch.client.RestClient.performRequest(RestClient.java:261)
		at org.elasticsearch.client.RestClient.performRequest(RestClient.java:235)
		at org.elasticsearch.client.RestHighLevelClient.internalPerformRequest(RestHighLevelClient.java:1514)
		... 59 common frames omitted
2020-12-30 15:20:11.642 INFO  [Thread-3] o.s.s.c.ThreadPoolTaskExecutor:Shutting down ExecutorService 'applicationTaskExecutor'
2020-12-30 15:20:18.515 INFO  [main] c.d.c.ElasticSearchApplication:Starting ElasticSearchApplication on W26-260477 with PID 9548 (E:\project-duplication\elasticsearch\target\classes started by 260477 in E:\project-duplication\elasticsearch)
2020-12-30 15:20:18.519 INFO  [main] c.d.c.ElasticSearchApplication:The following profiles are active: local
2020-12-30 15:20:19.852 INFO  [main] o.s.b.w.e.t.TomcatWebServer:Tomcat initialized with port(s): 8080 (http)
2020-12-30 15:20:19.872 INFO  [main] o.a.c.h.Http11NioProtocol:Initializing ProtocolHandler ["http-nio-8080"]
2020-12-30 15:20:19.886 INFO  [main] o.a.c.c.StandardService:Starting service [Tomcat]
2020-12-30 15:20:19.886 INFO  [main] o.a.c.c.StandardEngine:Starting Servlet engine: [Apache Tomcat/9.0.37]
2020-12-30 15:20:20.219 INFO  [main] o.a.c.c.C.[.[.[/]:Initializing Spring embedded WebApplicationContext
2020-12-30 15:20:20.219 INFO  [main] o.s.w.c.ContextLoader:Root WebApplicationContext: initialization completed in 1655 ms
2020-12-30 15:20:21.072 INFO  [main] o.s.s.c.ThreadPoolTaskExecutor:Initializing ExecutorService 'applicationTaskExecutor'
2020-12-30 15:20:21.276 INFO  [main] o.a.c.h.Http11NioProtocol:Starting ProtocolHandler ["http-nio-8080"]
2020-12-30 15:20:21.294 INFO  [main] o.s.b.w.e.t.TomcatWebServer:Tomcat started on port(s): 8080 (http) with context path ''
2020-12-30 15:20:21.298 INFO  [main] c.d.c.ElasticSearchApplication:Started ElasticSearchApplication in 3.36 seconds (JVM running for 4.574)
2020-12-30 15:20:28.477 INFO  [http-nio-8080-exec-1] o.a.c.c.C.[.[.[/]:Initializing Spring DispatcherServlet 'dispatcherServlet'
2020-12-30 15:20:28.477 INFO  [http-nio-8080-exec-1] o.s.w.s.DispatcherServlet:Initializing Servlet 'dispatcherServlet'
2020-12-30 15:20:28.484 INFO  [http-nio-8080-exec-1] o.s.w.s.DispatcherServlet:Completed initialization in 6 ms
2020-12-30 15:20:32.578 ERROR [http-nio-8080-exec-1] o.a.c.c.C.[.[.[.[dispatcherServlet]:Servlet.service() for servlet [dispatcherServlet] in context with path [] threw exception [Request processing failed; nested exception is [goods_index202012/MhHt0EkLRKGylk4A0opUYw][[goods_index202012][3]] ElasticsearchStatusException[Elasticsearch exception [type=document_missing_exception, reason=[_doc][0]: document missing]]] with root cause
org.elasticsearch.ElasticsearchStatusException: Elasticsearch exception [type=document_missing_exception, reason=[_doc][0]: document missing]
	at org.elasticsearch.rest.BytesRestResponse.errorFromXContent(BytesRestResponse.java:177)
	at org.elasticsearch.client.RestHighLevelClient.parseEntity(RestHighLevelClient.java:1793)
	at org.elasticsearch.client.RestHighLevelClient.parseResponseException(RestHighLevelClient.java:1770)
	at org.elasticsearch.client.RestHighLevelClient.internalPerformRequest(RestHighLevelClient.java:1527)
	at org.elasticsearch.client.RestHighLevelClient.performRequest(RestHighLevelClient.java:1484)
	at org.elasticsearch.client.RestHighLevelClient.performRequestAndParseEntity(RestHighLevelClient.java:1454)
	at org.elasticsearch.client.RestHighLevelClient.update(RestHighLevelClient.java:921)
	at com.duan.cn.service.impl.UserIndexServiceImpl.update(UserIndexServiceImpl.java:137)
	at com.duan.cn.controller.GoodIndexController.update(GoodIndexController.java:44)
	at sun.reflect.NativeMethodAccessorImpl.invoke0(Native Method)
	at sun.reflect.NativeMethodAccessorImpl.invoke(NativeMethodAccessorImpl.java:62)
	at sun.reflect.DelegatingMethodAccessorImpl.invoke(DelegatingMethodAccessorImpl.java:43)
	at java.lang.reflect.Method.invoke(Method.java:498)
	at org.springframework.web.method.support.InvocableHandlerMethod.doInvoke(InvocableHandlerMethod.java:190)
	at org.springframework.web.method.support.InvocableHandlerMethod.invokeForRequest(InvocableHandlerMethod.java:138)
	at org.springframework.web.servlet.mvc.method.annotation.ServletInvocableHandlerMethod.invokeAndHandle(ServletInvocableHandlerMethod.java:105)
	at org.springframework.web.servlet.mvc.method.annotation.RequestMappingHandlerAdapter.invokeHandlerMethod(RequestMappingHandlerAdapter.java:892)
	at org.springframework.web.servlet.mvc.method.annotation.RequestMappingHandlerAdapter.handleInternal(RequestMappingHandlerAdapter.java:797)
	at org.springframework.web.servlet.mvc.method.AbstractHandlerMethodAdapter.handle(AbstractHandlerMethodAdapter.java:87)
	at org.springframework.web.servlet.DispatcherServlet.doDispatch(DispatcherServlet.java:1040)
	at org.springframework.web.servlet.DispatcherServlet.doService(DispatcherServlet.java:943)
	at org.springframework.web.servlet.FrameworkServlet.processRequest(FrameworkServlet.java:1006)
	at org.springframework.web.servlet.FrameworkServlet.doPut(FrameworkServlet.java:920)
	at javax.servlet.http.HttpServlet.service(HttpServlet.java:655)
	at org.springframework.web.servlet.FrameworkServlet.service(FrameworkServlet.java:883)
	at javax.servlet.http.HttpServlet.service(HttpServlet.java:733)
	at org.apache.catalina.core.ApplicationFilterChain.internalDoFilter(ApplicationFilterChain.java:231)
	at org.apache.catalina.core.ApplicationFilterChain.doFilter(ApplicationFilterChain.java:166)
	at org.apache.tomcat.websocket.server.WsFilter.doFilter(WsFilter.java:53)
	at org.apache.catalina.core.ApplicationFilterChain.internalDoFilter(ApplicationFilterChain.java:193)
	at org.apache.catalina.core.ApplicationFilterChain.doFilter(ApplicationFilterChain.java:166)
	at org.springframework.web.filter.RequestContextFilter.doFilterInternal(RequestContextFilter.java:100)
	at org.springframework.web.filter.OncePerRequestFilter.doFilter(OncePerRequestFilter.java:119)
	at org.apache.catalina.core.ApplicationFilterChain.internalDoFilter(ApplicationFilterChain.java:193)
	at org.apache.catalina.core.ApplicationFilterChain.doFilter(ApplicationFilterChain.java:166)
	at org.springframework.web.filter.FormContentFilter.doFilterInternal(FormContentFilter.java:93)
	at org.springframework.web.filter.OncePerRequestFilter.doFilter(OncePerRequestFilter.java:119)
	at org.apache.catalina.core.ApplicationFilterChain.internalDoFilter(ApplicationFilterChain.java:193)
	at org.apache.catalina.core.ApplicationFilterChain.doFilter(ApplicationFilterChain.java:166)
	at org.springframework.web.filter.HiddenHttpMethodFilter.doFilterInternal(HiddenHttpMethodFilter.java:94)
	at org.springframework.web.filter.OncePerRequestFilter.doFilter(OncePerRequestFilter.java:119)
	at org.apache.catalina.core.ApplicationFilterChain.internalDoFilter(ApplicationFilterChain.java:193)
	at org.apache.catalina.core.ApplicationFilterChain.doFilter(ApplicationFilterChain.java:166)
	at org.springframework.web.filter.CharacterEncodingFilter.doFilterInternal(CharacterEncodingFilter.java:201)
	at org.springframework.web.filter.OncePerRequestFilter.doFilter(OncePerRequestFilter.java:119)
	at org.apache.catalina.core.ApplicationFilterChain.internalDoFilter(ApplicationFilterChain.java:193)
	at org.apache.catalina.core.ApplicationFilterChain.doFilter(ApplicationFilterChain.java:166)
	at org.apache.catalina.core.StandardWrapperValve.invoke(StandardWrapperValve.java:202)
	at org.apache.catalina.core.StandardContextValve.invoke(StandardContextValve.java:96)
	at org.apache.catalina.authenticator.AuthenticatorBase.invoke(AuthenticatorBase.java:541)
	at org.apache.catalina.core.StandardHostValve.invoke(StandardHostValve.java:139)
	at org.apache.catalina.valves.ErrorReportValve.invoke(ErrorReportValve.java:92)
	at org.apache.catalina.core.StandardEngineValve.invoke(StandardEngineValve.java:74)
	at org.apache.catalina.connector.CoyoteAdapter.service(CoyoteAdapter.java:343)
	at org.apache.coyote.http11.Http11Processor.service(Http11Processor.java:373)
	at org.apache.coyote.AbstractProcessorLight.process(AbstractProcessorLight.java:65)
	at org.apache.coyote.AbstractProtocol$ConnectionHandler.process(AbstractProtocol.java:868)
	at org.apache.tomcat.util.net.NioEndpoint$SocketProcessor.doRun(NioEndpoint.java:1589)
	at org.apache.tomcat.util.net.SocketProcessorBase.run(SocketProcessorBase.java:49)
	at java.util.concurrent.ThreadPoolExecutor.runWorker(ThreadPoolExecutor.java:1149)
	at java.util.concurrent.ThreadPoolExecutor$Worker.run(ThreadPoolExecutor.java:624)
	at org.apache.tomcat.util.threads.TaskThread$WrappingRunnable.run(TaskThread.java:61)
	at java.lang.Thread.run(Thread.java:748)
	Suppressed: org.elasticsearch.client.ResponseException: method [POST], host [http://localhost:9200], URI [/goods_index202012/_update/0?timeout=1m], status line [HTTP/1.1 404 Not Found]
{"error":{"root_cause":[{"type":"document_missing_exception","reason":"[_doc][0]: document missing","index_uuid":"MhHt0EkLRKGylk4A0opUYw","shard":"3","index":"goods_index202012"}],"type":"document_missing_exception","reason":"[_doc][0]: document missing","index_uuid":"MhHt0EkLRKGylk4A0opUYw","shard":"3","index":"goods_index202012"},"status":404}
		at org.elasticsearch.client.RestClient.convertResponse(RestClient.java:283)
		at org.elasticsearch.client.RestClient.performRequest(RestClient.java:261)
		at org.elasticsearch.client.RestClient.performRequest(RestClient.java:235)
		at org.elasticsearch.client.RestHighLevelClient.internalPerformRequest(RestHighLevelClient.java:1514)
		... 59 common frames omitted
2020-12-30 15:22:53.365 ERROR [http-nio-8080-exec-4] o.a.c.c.C.[.[.[.[dispatcherServlet]:Servlet.service() for servlet [dispatcherServlet] in context with path [] threw exception [Request processing failed; nested exception is [goods_index202012/MhHt0EkLRKGylk4A0opUYw][[goods_index202012][0]] ElasticsearchStatusException[Elasticsearch exception [type=document_missing_exception, reason=[_doc][5]: document missing]]] with root cause
org.elasticsearch.ElasticsearchStatusException: Elasticsearch exception [type=document_missing_exception, reason=[_doc][5]: document missing]
	at org.elasticsearch.rest.BytesRestResponse.errorFromXContent(BytesRestResponse.java:177)
	at org.elasticsearch.client.RestHighLevelClient.parseEntity(RestHighLevelClient.java:1793)
	at org.elasticsearch.client.RestHighLevelClient.parseResponseException(RestHighLevelClient.java:1770)
	at org.elasticsearch.client.RestHighLevelClient.internalPerformRequest(RestHighLevelClient.java:1527)
	at org.elasticsearch.client.RestHighLevelClient.performRequest(RestHighLevelClient.java:1484)
	at org.elasticsearch.client.RestHighLevelClient.performRequestAndParseEntity(RestHighLevelClient.java:1454)
	at org.elasticsearch.client.RestHighLevelClient.update(RestHighLevelClient.java:921)
	at com.duan.cn.service.impl.UserIndexServiceImpl.update(UserIndexServiceImpl.java:137)
	at com.duan.cn.controller.GoodIndexController.update(GoodIndexController.java:44)
	at sun.reflect.NativeMethodAccessorImpl.invoke0(Native Method)
	at sun.reflect.NativeMethodAccessorImpl.invoke(NativeMethodAccessorImpl.java:62)
	at sun.reflect.DelegatingMethodAccessorImpl.invoke(DelegatingMethodAccessorImpl.java:43)
	at java.lang.reflect.Method.invoke(Method.java:498)
	at org.springframework.web.method.support.InvocableHandlerMethod.doInvoke(InvocableHandlerMethod.java:190)
	at org.springframework.web.method.support.InvocableHandlerMethod.invokeForRequest(InvocableHandlerMethod.java:138)
	at org.springframework.web.servlet.mvc.method.annotation.ServletInvocableHandlerMethod.invokeAndHandle(ServletInvocableHandlerMethod.java:105)
	at org.springframework.web.servlet.mvc.method.annotation.RequestMappingHandlerAdapter.invokeHandlerMethod(RequestMappingHandlerAdapter.java:892)
	at org.springframework.web.servlet.mvc.method.annotation.RequestMappingHandlerAdapter.handleInternal(RequestMappingHandlerAdapter.java:797)
	at org.springframework.web.servlet.mvc.method.AbstractHandlerMethodAdapter.handle(AbstractHandlerMethodAdapter.java:87)
	at org.springframework.web.servlet.DispatcherServlet.doDispatch(DispatcherServlet.java:1040)
	at org.springframework.web.servlet.DispatcherServlet.doService(DispatcherServlet.java:943)
	at org.springframework.web.servlet.FrameworkServlet.processRequest(FrameworkServlet.java:1006)
	at org.springframework.web.servlet.FrameworkServlet.doPut(FrameworkServlet.java:920)
	at javax.servlet.http.HttpServlet.service(HttpServlet.java:655)
	at org.springframework.web.servlet.FrameworkServlet.service(FrameworkServlet.java:883)
	at javax.servlet.http.HttpServlet.service(HttpServlet.java:733)
	at org.apache.catalina.core.ApplicationFilterChain.internalDoFilter(ApplicationFilterChain.java:231)
	at org.apache.catalina.core.ApplicationFilterChain.doFilter(ApplicationFilterChain.java:166)
	at org.apache.tomcat.websocket.server.WsFilter.doFilter(WsFilter.java:53)
	at org.apache.catalina.core.ApplicationFilterChain.internalDoFilter(ApplicationFilterChain.java:193)
	at org.apache.catalina.core.ApplicationFilterChain.doFilter(ApplicationFilterChain.java:166)
	at org.springframework.web.filter.RequestContextFilter.doFilterInternal(RequestContextFilter.java:100)
	at org.springframework.web.filter.OncePerRequestFilter.doFilter(OncePerRequestFilter.java:119)
	at org.apache.catalina.core.ApplicationFilterChain.internalDoFilter(ApplicationFilterChain.java:193)
	at org.apache.catalina.core.ApplicationFilterChain.doFilter(ApplicationFilterChain.java:166)
	at org.springframework.web.filter.FormContentFilter.doFilterInternal(FormContentFilter.java:93)
	at org.springframework.web.filter.OncePerRequestFilter.doFilter(OncePerRequestFilter.java:119)
	at org.apache.catalina.core.ApplicationFilterChain.internalDoFilter(ApplicationFilterChain.java:193)
	at org.apache.catalina.core.ApplicationFilterChain.doFilter(ApplicationFilterChain.java:166)
	at org.springframework.web.filter.HiddenHttpMethodFilter.doFilterInternal(HiddenHttpMethodFilter.java:94)
	at org.springframework.web.filter.OncePerRequestFilter.doFilter(OncePerRequestFilter.java:119)
	at org.apache.catalina.core.ApplicationFilterChain.internalDoFilter(ApplicationFilterChain.java:193)
	at org.apache.catalina.core.ApplicationFilterChain.doFilter(ApplicationFilterChain.java:166)
	at org.springframework.web.filter.CharacterEncodingFilter.doFilterInternal(CharacterEncodingFilter.java:201)
	at org.springframework.web.filter.OncePerRequestFilter.doFilter(OncePerRequestFilter.java:119)
	at org.apache.catalina.core.ApplicationFilterChain.internalDoFilter(ApplicationFilterChain.java:193)
	at org.apache.catalina.core.ApplicationFilterChain.doFilter(ApplicationFilterChain.java:166)
	at org.apache.catalina.core.StandardWrapperValve.invoke(StandardWrapperValve.java:202)
	at org.apache.catalina.core.StandardContextValve.invoke(StandardContextValve.java:96)
	at org.apache.catalina.authenticator.AuthenticatorBase.invoke(AuthenticatorBase.java:541)
	at org.apache.catalina.core.StandardHostValve.invoke(StandardHostValve.java:139)
	at org.apache.catalina.valves.ErrorReportValve.invoke(ErrorReportValve.java:92)
	at org.apache.catalina.core.StandardEngineValve.invoke(StandardEngineValve.java:74)
	at org.apache.catalina.connector.CoyoteAdapter.service(CoyoteAdapter.java:343)
	at org.apache.coyote.http11.Http11Processor.service(Http11Processor.java:373)
	at org.apache.coyote.AbstractProcessorLight.process(AbstractProcessorLight.java:65)
	at org.apache.coyote.AbstractProtocol$ConnectionHandler.process(AbstractProtocol.java:868)
	at org.apache.tomcat.util.net.NioEndpoint$SocketProcessor.doRun(NioEndpoint.java:1589)
	at org.apache.tomcat.util.net.SocketProcessorBase.run(SocketProcessorBase.java:49)
	at java.util.concurrent.ThreadPoolExecutor.runWorker(ThreadPoolExecutor.java:1149)
	at java.util.concurrent.ThreadPoolExecutor$Worker.run(ThreadPoolExecutor.java:624)
	at org.apache.tomcat.util.threads.TaskThread$WrappingRunnable.run(TaskThread.java:61)
	at java.lang.Thread.run(Thread.java:748)
	Suppressed: org.elasticsearch.client.ResponseException: method [POST], host [http://localhost:9200], URI [/goods_index202012/_update/5?timeout=1m], status line [HTTP/1.1 404 Not Found]
{"error":{"root_cause":[{"type":"document_missing_exception","reason":"[_doc][5]: document missing","index_uuid":"MhHt0EkLRKGylk4A0opUYw","shard":"0","index":"goods_index202012"}],"type":"document_missing_exception","reason":"[_doc][5]: document missing","index_uuid":"MhHt0EkLRKGylk4A0opUYw","shard":"0","index":"goods_index202012"},"status":404}
		at org.elasticsearch.client.RestClient.convertResponse(RestClient.java:283)
		at org.elasticsearch.client.RestClient.performRequest(RestClient.java:261)
		at org.elasticsearch.client.RestClient.performRequest(RestClient.java:235)
		at org.elasticsearch.client.RestHighLevelClient.internalPerformRequest(RestHighLevelClient.java:1514)
		... 59 common frames omitted
2020-12-30 15:23:19.795 INFO  [Thread-3] o.s.s.c.ThreadPoolTaskExecutor:Shutting down ExecutorService 'applicationTaskExecutor'
2020-12-30 15:23:26.667 INFO  [main] c.d.c.ElasticSearchApplication:Starting ElasticSearchApplication on W26-260477 with PID 24560 (E:\project-duplication\elasticsearch\target\classes started by 260477 in E:\project-duplication\elasticsearch)
2020-12-30 15:23:26.671 INFO  [main] c.d.c.ElasticSearchApplication:The following profiles are active: local
2020-12-30 15:23:28.016 INFO  [main] o.s.b.w.e.t.TomcatWebServer:Tomcat initialized with port(s): 8080 (http)
2020-12-30 15:23:28.037 INFO  [main] o.a.c.h.Http11NioProtocol:Initializing ProtocolHandler ["http-nio-8080"]
2020-12-30 15:23:28.050 INFO  [main] o.a.c.c.StandardService:Starting service [Tomcat]
2020-12-30 15:23:28.051 INFO  [main] o.a.c.c.StandardEngine:Starting Servlet engine: [Apache Tomcat/9.0.37]
2020-12-30 15:23:28.362 INFO  [main] o.a.c.c.C.[.[.[/]:Initializing Spring embedded WebApplicationContext
2020-12-30 15:23:28.362 INFO  [main] o.s.w.c.ContextLoader:Root WebApplicationContext: initialization completed in 1639 ms
2020-12-30 15:23:29.236 INFO  [main] o.s.s.c.ThreadPoolTaskExecutor:Initializing ExecutorService 'applicationTaskExecutor'
2020-12-30 15:23:29.419 INFO  [main] o.a.c.h.Http11NioProtocol:Starting ProtocolHandler ["http-nio-8080"]
2020-12-30 15:23:29.440 INFO  [main] o.s.b.w.e.t.TomcatWebServer:Tomcat started on port(s): 8080 (http) with context path ''
2020-12-30 15:23:29.443 INFO  [main] c.d.c.ElasticSearchApplication:Started ElasticSearchApplication in 3.44 seconds (JVM running for 4.583)
2020-12-30 15:23:35.563 INFO  [http-nio-8080-exec-2] o.a.c.c.C.[.[.[/]:Initializing Spring DispatcherServlet 'dispatcherServlet'
2020-12-30 15:23:35.563 INFO  [http-nio-8080-exec-2] o.s.w.s.DispatcherServlet:Initializing Servlet 'dispatcherServlet'
2020-12-30 15:23:35.570 INFO  [http-nio-8080-exec-2] o.s.w.s.DispatcherServlet:Completed initialization in 7 ms
2020-12-30 15:23:36.084 ERROR [http-nio-8080-exec-2] o.a.c.c.C.[.[.[.[dispatcherServlet]:Servlet.service() for servlet [dispatcherServlet] in context with path [] threw exception [Request processing failed; nested exception is ElasticsearchStatusException[Elasticsearch exception [type=illegal_argument_exception, reason=no write index is defined for alias [goods_index]. The write index may be explicitly disabled using is_write_index=false or the alias points to multiple indices without one being designated as a write index]]] with root cause
org.elasticsearch.ElasticsearchStatusException: Elasticsearch exception [type=illegal_argument_exception, reason=no write index is defined for alias [goods_index]. The write index may be explicitly disabled using is_write_index=false or the alias points to multiple indices without one being designated as a write index]
	at org.elasticsearch.rest.BytesRestResponse.errorFromXContent(BytesRestResponse.java:177)
	at org.elasticsearch.client.RestHighLevelClient.parseEntity(RestHighLevelClient.java:1793)
	at org.elasticsearch.client.RestHighLevelClient.parseResponseException(RestHighLevelClient.java:1770)
	at org.elasticsearch.client.RestHighLevelClient.internalPerformRequest(RestHighLevelClient.java:1527)
	at org.elasticsearch.client.RestHighLevelClient.performRequest(RestHighLevelClient.java:1484)
	at org.elasticsearch.client.RestHighLevelClient.performRequestAndParseEntity(RestHighLevelClient.java:1454)
	at org.elasticsearch.client.RestHighLevelClient.update(RestHighLevelClient.java:921)
	at com.duan.cn.service.impl.UserIndexServiceImpl.update(UserIndexServiceImpl.java:137)
	at com.duan.cn.controller.GoodIndexController.update(GoodIndexController.java:44)
	at sun.reflect.NativeMethodAccessorImpl.invoke0(Native Method)
	at sun.reflect.NativeMethodAccessorImpl.invoke(NativeMethodAccessorImpl.java:62)
	at sun.reflect.DelegatingMethodAccessorImpl.invoke(DelegatingMethodAccessorImpl.java:43)
	at java.lang.reflect.Method.invoke(Method.java:498)
	at org.springframework.web.method.support.InvocableHandlerMethod.doInvoke(InvocableHandlerMethod.java:190)
	at org.springframework.web.method.support.InvocableHandlerMethod.invokeForRequest(InvocableHandlerMethod.java:138)
	at org.springframework.web.servlet.mvc.method.annotation.ServletInvocableHandlerMethod.invokeAndHandle(ServletInvocableHandlerMethod.java:105)
	at org.springframework.web.servlet.mvc.method.annotation.RequestMappingHandlerAdapter.invokeHandlerMethod(RequestMappingHandlerAdapter.java:892)
	at org.springframework.web.servlet.mvc.method.annotation.RequestMappingHandlerAdapter.handleInternal(RequestMappingHandlerAdapter.java:797)
	at org.springframework.web.servlet.mvc.method.AbstractHandlerMethodAdapter.handle(AbstractHandlerMethodAdapter.java:87)
	at org.springframework.web.servlet.DispatcherServlet.doDispatch(DispatcherServlet.java:1040)
	at org.springframework.web.servlet.DispatcherServlet.doService(DispatcherServlet.java:943)
	at org.springframework.web.servlet.FrameworkServlet.processRequest(FrameworkServlet.java:1006)
	at org.springframework.web.servlet.FrameworkServlet.doPut(FrameworkServlet.java:920)
	at javax.servlet.http.HttpServlet.service(HttpServlet.java:655)
	at org.springframework.web.servlet.FrameworkServlet.service(FrameworkServlet.java:883)
	at javax.servlet.http.HttpServlet.service(HttpServlet.java:733)
	at org.apache.catalina.core.ApplicationFilterChain.internalDoFilter(ApplicationFilterChain.java:231)
	at org.apache.catalina.core.ApplicationFilterChain.doFilter(ApplicationFilterChain.java:166)
	at org.apache.tomcat.websocket.server.WsFilter.doFilter(WsFilter.java:53)
	at org.apache.catalina.core.ApplicationFilterChain.internalDoFilter(ApplicationFilterChain.java:193)
	at org.apache.catalina.core.ApplicationFilterChain.doFilter(ApplicationFilterChain.java:166)
	at org.springframework.web.filter.RequestContextFilter.doFilterInternal(RequestContextFilter.java:100)
	at org.springframework.web.filter.OncePerRequestFilter.doFilter(OncePerRequestFilter.java:119)
	at org.apache.catalina.core.ApplicationFilterChain.internalDoFilter(ApplicationFilterChain.java:193)
	at org.apache.catalina.core.ApplicationFilterChain.doFilter(ApplicationFilterChain.java:166)
	at org.springframework.web.filter.FormContentFilter.doFilterInternal(FormContentFilter.java:93)
	at org.springframework.web.filter.OncePerRequestFilter.doFilter(OncePerRequestFilter.java:119)
	at org.apache.catalina.core.ApplicationFilterChain.internalDoFilter(ApplicationFilterChain.java:193)
	at org.apache.catalina.core.ApplicationFilterChain.doFilter(ApplicationFilterChain.java:166)
	at org.springframework.web.filter.HiddenHttpMethodFilter.doFilterInternal(HiddenHttpMethodFilter.java:94)
	at org.springframework.web.filter.OncePerRequestFilter.doFilter(OncePerRequestFilter.java:119)
	at org.apache.catalina.core.ApplicationFilterChain.internalDoFilter(ApplicationFilterChain.java:193)
	at org.apache.catalina.core.ApplicationFilterChain.doFilter(ApplicationFilterChain.java:166)
	at org.springframework.web.filter.CharacterEncodingFilter.doFilterInternal(CharacterEncodingFilter.java:201)
	at org.springframework.web.filter.OncePerRequestFilter.doFilter(OncePerRequestFilter.java:119)
	at org.apache.catalina.core.ApplicationFilterChain.internalDoFilter(ApplicationFilterChain.java:193)
	at org.apache.catalina.core.ApplicationFilterChain.doFilter(ApplicationFilterChain.java:166)
	at org.apache.catalina.core.StandardWrapperValve.invoke(StandardWrapperValve.java:202)
	at org.apache.catalina.core.StandardContextValve.invoke(StandardContextValve.java:96)
	at org.apache.catalina.authenticator.AuthenticatorBase.invoke(AuthenticatorBase.java:541)
	at org.apache.catalina.core.StandardHostValve.invoke(StandardHostValve.java:139)
	at org.apache.catalina.valves.ErrorReportValve.invoke(ErrorReportValve.java:92)
	at org.apache.catalina.core.StandardEngineValve.invoke(StandardEngineValve.java:74)
	at org.apache.catalina.connector.CoyoteAdapter.service(CoyoteAdapter.java:343)
	at org.apache.coyote.http11.Http11Processor.service(Http11Processor.java:373)
	at org.apache.coyote.AbstractProcessorLight.process(AbstractProcessorLight.java:65)
	at org.apache.coyote.AbstractProtocol$ConnectionHandler.process(AbstractProtocol.java:868)
	at org.apache.tomcat.util.net.NioEndpoint$SocketProcessor.doRun(NioEndpoint.java:1589)
	at org.apache.tomcat.util.net.SocketProcessorBase.run(SocketProcessorBase.java:49)
	at java.util.concurrent.ThreadPoolExecutor.runWorker(ThreadPoolExecutor.java:1149)
	at java.util.concurrent.ThreadPoolExecutor$Worker.run(ThreadPoolExecutor.java:624)
	at org.apache.tomcat.util.threads.TaskThread$WrappingRunnable.run(TaskThread.java:61)
	at java.lang.Thread.run(Thread.java:748)
	Suppressed: org.elasticsearch.client.ResponseException: method [POST], host [http://localhost:9200], URI [/goods_index/_update/5?timeout=1m], status line [HTTP/1.1 400 Bad Request]
{"error":{"root_cause":[{"type":"illegal_argument_exception","reason":"no write index is defined for alias [goods_index]. The write index may be explicitly disabled using is_write_index=false or the alias points to multiple indices without one being designated as a write index"}],"type":"illegal_argument_exception","reason":"no write index is defined for alias [goods_index]. The write index may be explicitly disabled using is_write_index=false or the alias points to multiple indices without one being designated as a write index"},"status":400}
		at org.elasticsearch.client.RestClient.convertResponse(RestClient.java:283)
		at org.elasticsearch.client.RestClient.performRequest(RestClient.java:261)
		at org.elasticsearch.client.RestClient.performRequest(RestClient.java:235)
		at org.elasticsearch.client.RestHighLevelClient.internalPerformRequest(RestHighLevelClient.java:1514)
		... 59 common frames omitted
2020-12-30 15:28:56.223 INFO  [Thread-3] o.s.s.c.ThreadPoolTaskExecutor:Shutting down ExecutorService 'applicationTaskExecutor'
2020-12-30 17:25:28.911 INFO  [main] c.d.c.ElasticSearchApplication:Starting ElasticSearchApplication on W26-260477 with PID 25488 (E:\project-duplication\elasticsearch\target\classes started by 260477 in E:\project-duplication\elasticsearch)
2020-12-30 17:25:28.914 INFO  [main] c.d.c.ElasticSearchApplication:The following profiles are active: local
2020-12-30 17:25:32.729 INFO  [main] o.s.b.w.e.t.TomcatWebServer:Tomcat initialized with port(s): 8080 (http)
2020-12-30 17:25:32.747 INFO  [main] o.a.c.h.Http11NioProtocol:Initializing ProtocolHandler ["http-nio-8080"]
2020-12-30 17:25:32.761 INFO  [main] o.a.c.c.StandardService:Starting service [Tomcat]
2020-12-30 17:25:32.761 INFO  [main] o.a.c.c.StandardEngine:Starting Servlet engine: [Apache Tomcat/9.0.37]
2020-12-30 17:25:33.106 INFO  [main] o.a.c.c.C.[.[.[/]:Initializing Spring embedded WebApplicationContext
2020-12-30 17:25:33.106 INFO  [main] o.s.w.c.ContextLoader:Root WebApplicationContext: initialization completed in 4145 ms
2020-12-30 17:25:34.002 INFO  [main] o.s.s.c.ThreadPoolTaskExecutor:Initializing ExecutorService 'applicationTaskExecutor'
2020-12-30 17:25:34.195 INFO  [main] o.a.c.h.Http11NioProtocol:Starting ProtocolHandler ["http-nio-8080"]
2020-12-30 17:25:34.216 INFO  [main] o.s.b.w.e.t.TomcatWebServer:Tomcat started on port(s): 8080 (http) with context path ''
2020-12-30 17:25:34.220 INFO  [main] c.d.c.ElasticSearchApplication:Started ElasticSearchApplication in 5.904 seconds (JVM running for 7.1)
2020-12-30 17:25:46.544 INFO  [http-nio-8080-exec-1] o.a.c.c.C.[.[.[/]:Initializing Spring DispatcherServlet 'dispatcherServlet'
2020-12-30 17:25:46.545 INFO  [http-nio-8080-exec-1] o.s.w.s.DispatcherServlet:Initializing Servlet 'dispatcherServlet'
2020-12-30 17:25:46.551 INFO  [http-nio-8080-exec-1] o.s.w.s.DispatcherServlet:Completed initialization in 6 ms
2020-12-30 18:11:07.090 INFO  [Thread-3] o.s.s.c.ThreadPoolTaskExecutor:Shutting down ExecutorService 'applicationTaskExecutor'
2020-12-30 18:11:16.392 INFO  [main] c.d.c.ElasticSearchApplication:Starting ElasticSearchApplication on W26-260477 with PID 21232 (E:\project-duplication\elasticsearch\target\classes started by 260477 in E:\project-duplication\elasticsearch)
2020-12-30 18:11:16.395 INFO  [main] c.d.c.ElasticSearchApplication:The following profiles are active: local
2020-12-30 18:11:17.932 INFO  [main] o.s.b.w.e.t.TomcatWebServer:Tomcat initialized with port(s): 8080 (http)
2020-12-30 18:11:17.948 INFO  [main] o.a.c.h.Http11NioProtocol:Initializing ProtocolHandler ["http-nio-8080"]
2020-12-30 18:11:17.963 INFO  [main] o.a.c.c.StandardService:Starting service [Tomcat]
2020-12-30 18:11:17.963 INFO  [main] o.a.c.c.StandardEngine:Starting Servlet engine: [Apache Tomcat/9.0.37]
2020-12-30 18:11:18.293 INFO  [main] o.a.c.c.C.[.[.[/]:Initializing Spring embedded WebApplicationContext
2020-12-30 18:11:18.294 INFO  [main] o.s.w.c.ContextLoader:Root WebApplicationContext: initialization completed in 1854 ms
2020-12-30 18:11:19.172 INFO  [main] o.s.s.c.ThreadPoolTaskExecutor:Initializing ExecutorService 'applicationTaskExecutor'
2020-12-30 18:11:19.353 INFO  [main] o.a.c.h.Http11NioProtocol:Starting ProtocolHandler ["http-nio-8080"]
2020-12-30 18:11:19.371 INFO  [main] o.s.b.w.e.t.TomcatWebServer:Tomcat started on port(s): 8080 (http) with context path ''
2020-12-30 18:11:19.374 INFO  [main] c.d.c.ElasticSearchApplication:Started ElasticSearchApplication in 3.61 seconds (JVM running for 4.745)
2020-12-30 18:11:39.518 INFO  [http-nio-8080-exec-2] o.a.c.c.C.[.[.[/]:Initializing Spring DispatcherServlet 'dispatcherServlet'
2020-12-30 18:11:39.519 INFO  [http-nio-8080-exec-2] o.s.w.s.DispatcherServlet:Initializing Servlet 'dispatcherServlet'
2020-12-30 18:11:39.533 INFO  [http-nio-8080-exec-2] o.s.w.s.DispatcherServlet:Completed initialization in 13 ms
2020-12-30 18:13:37.264 INFO  [Thread-3] o.s.s.c.ThreadPoolTaskExecutor:Shutting down ExecutorService 'applicationTaskExecutor'
