2021-01-22 09:19:59.013 INFO  [main] c.d.c.ElasticSearchApplication:Starting ElasticSearchApplication on W26-260477 with PID 23316 (E:\project-duplication\elasticsearch\target\classes started by 260477 in E:\project-duplication\elasticsearch)
2021-01-22 09:19:59.051 INFO  [main] c.d.c.ElasticSearchApplication:The following profiles are active: local
2021-01-22 09:20:00.499 INFO  [main] o.s.b.w.e.t.TomcatWebServer:Tomcat initialized with port(s): 8080 (http)
2021-01-22 09:20:00.518 INFO  [main] o.a.c.h.Http11NioProtocol:Initializing ProtocolHandler ["http-nio-8080"]
2021-01-22 09:20:00.531 INFO  [main] o.a.c.c.StandardService:Starting service [Tomcat]
2021-01-22 09:20:00.532 INFO  [main] o.a.c.c.StandardEngine:Starting Servlet engine: [Apache Tomcat/9.0.37]
2021-01-22 09:20:00.849 INFO  [main] o.a.c.c.C.[.[.[/]:Initializing Spring embedded WebApplicationContext
2021-01-22 09:20:00.850 INFO  [main] o.s.w.c.ContextLoader:Root WebApplicationContext: initialization completed in 1735 ms
2021-01-22 09:20:01.748 INFO  [main] o.s.s.c.ThreadPoolTaskExecutor:Initializing ExecutorService 'applicationTaskExecutor'
2021-01-22 09:20:01.942 INFO  [main] o.a.c.h.Http11NioProtocol:Starting ProtocolHandler ["http-nio-8080"]
2021-01-22 09:20:01.947 ERROR [main] o.a.c.u.LifecycleBase:Failed to start component [Connector[HTTP/1.1-8080]]
org.apache.catalina.LifecycleException: Protocol handler start failed
	at org.apache.catalina.connector.Connector.startInternal(Connector.java:1067)
	at org.apache.catalina.util.LifecycleBase.start(LifecycleBase.java:183)
	at org.apache.catalina.core.StandardService.addConnector(StandardService.java:227)
	at org.springframework.boot.web.embedded.tomcat.TomcatWebServer.addPreviouslyRemovedConnectors(TomcatWebServer.java:263)
	at org.springframework.boot.web.embedded.tomcat.TomcatWebServer.start(TomcatWebServer.java:195)
	at org.springframework.boot.web.servlet.context.ServletWebServerApplicationContext.startWebServer(ServletWebServerApplicationContext.java:297)
	at org.springframework.boot.web.servlet.context.ServletWebServerApplicationContext.finishRefresh(ServletWebServerApplicationContext.java:163)
	at org.springframework.context.support.AbstractApplicationContext.refresh(AbstractApplicationContext.java:553)
	at org.springframework.boot.web.servlet.context.ServletWebServerApplicationContext.refresh(ServletWebServerApplicationContext.java:141)
	at org.springframework.boot.SpringApplication.refresh(SpringApplication.java:744)
	at org.springframework.boot.SpringApplication.refreshContext(SpringApplication.java:391)
	at org.springframework.boot.SpringApplication.run(SpringApplication.java:312)
	at org.springframework.boot.SpringApplication.run(SpringApplication.java:1215)
	at org.springframework.boot.SpringApplication.run(SpringApplication.java:1204)
	at com.duan.cn.ElasticSearchApplication.main(ElasticSearchApplication.java:10)
Caused by: java.net.BindException: Address already in use: bind
	at sun.nio.ch.Net.bind0(Native Method)
	at sun.nio.ch.Net.bind(Net.java:433)
	at sun.nio.ch.Net.bind(Net.java:425)
	at sun.nio.ch.ServerSocketChannelImpl.bind(ServerSocketChannelImpl.java:223)
	at sun.nio.ch.ServerSocketAdaptor.bind(ServerSocketAdaptor.java:74)
	at org.apache.tomcat.util.net.NioEndpoint.initServerSocket(NioEndpoint.java:228)
	at org.apache.tomcat.util.net.NioEndpoint.bind(NioEndpoint.java:211)
	at org.apache.tomcat.util.net.AbstractEndpoint.bindWithCleanup(AbstractEndpoint.java:1141)
	at org.apache.tomcat.util.net.AbstractEndpoint.start(AbstractEndpoint.java:1227)
	at org.apache.coyote.AbstractProtocol.start(AbstractProtocol.java:592)
	at org.apache.catalina.connector.Connector.startInternal(Connector.java:1064)
	... 14 common frames omitted
2021-01-22 09:20:01.953 INFO  [main] o.a.c.h.Http11NioProtocol:Pausing ProtocolHandler ["http-nio-8080"]
2021-01-22 09:20:01.953 INFO  [main] o.a.c.c.StandardService:Stopping service [Tomcat]
2021-01-22 09:20:01.962 INFO  [main] o.a.c.u.LifecycleBase:The stop() method was called on component [StandardServer[-1]] after stop() had already been called. The second call will be ignored.
2021-01-22 09:20:01.963 INFO  [main] o.a.c.h.Http11NioProtocol:Stopping ProtocolHandler ["http-nio-8080"]
2021-01-22 09:20:01.963 INFO  [main] o.a.c.h.Http11NioProtocol:Destroying ProtocolHandler ["http-nio-8080"]
2021-01-22 09:20:01.966 INFO  [main] o.s.b.a.l.ConditionEvaluationReportLoggingListener:

Error starting ApplicationContext. To display the conditions report re-run your application with 'debug' enabled.
2021-01-22 09:20:01.968 ERROR [main] o.s.b.d.LoggingFailureAnalysisReporter:

***************************
APPLICATION FAILED TO START
***************************

Description:

The Tomcat connector configured to listen on port 8080 failed to start. The port may already be in use or the connector may be misconfigured.

Action:

Verify the connector's configuration, identify and stop any process that's listening on port 8080, or configure this application to listen on another port.

2021-01-22 09:20:01.974 INFO  [main] o.s.s.c.ThreadPoolTaskExecutor:Shutting down ExecutorService 'applicationTaskExecutor'
2021-01-22 09:20:31.357 INFO  [main] c.d.c.ElasticSearchApplication:Starting ElasticSearchApplication on W26-260477 with PID 27576 (E:\project-duplication\elasticsearch\target\classes started by 260477 in E:\project-duplication\elasticsearch)
2021-01-22 09:20:31.361 INFO  [main] c.d.c.ElasticSearchApplication:The following profiles are active: local
2021-01-22 09:20:32.743 INFO  [main] o.s.b.w.e.t.TomcatWebServer:Tomcat initialized with port(s): 8088 (http)
2021-01-22 09:20:32.765 INFO  [main] o.a.c.h.Http11NioProtocol:Initializing ProtocolHandler ["http-nio-8088"]
2021-01-22 09:20:32.778 INFO  [main] o.a.c.c.StandardService:Starting service [Tomcat]
2021-01-22 09:20:32.778 INFO  [main] o.a.c.c.StandardEngine:Starting Servlet engine: [Apache Tomcat/9.0.37]
2021-01-22 09:20:33.107 INFO  [main] o.a.c.c.C.[.[.[/]:Initializing Spring embedded WebApplicationContext
2021-01-22 09:20:33.108 INFO  [main] o.s.w.c.ContextLoader:Root WebApplicationContext: initialization completed in 1698 ms
2021-01-22 09:20:34.028 INFO  [main] o.s.s.c.ThreadPoolTaskExecutor:Initializing ExecutorService 'applicationTaskExecutor'
2021-01-22 09:20:34.230 INFO  [main] o.a.c.h.Http11NioProtocol:Starting ProtocolHandler ["http-nio-8088"]
2021-01-22 09:20:34.251 INFO  [main] o.s.b.w.e.t.TomcatWebServer:Tomcat started on port(s): 8088 (http) with context path ''
2021-01-22 09:20:34.254 INFO  [main] c.d.c.ElasticSearchApplication:Started ElasticSearchApplication in 3.512 seconds (JVM running for 4.715)
2021-01-22 10:02:28.137 INFO  [http-nio-8088-exec-2] o.a.c.c.C.[.[.[/]:Initializing Spring DispatcherServlet 'dispatcherServlet'
2021-01-22 10:02:28.138 INFO  [http-nio-8088-exec-2] o.s.w.s.DispatcherServlet:Initializing Servlet 'dispatcherServlet'
2021-01-22 10:02:28.145 INFO  [http-nio-8088-exec-2] o.s.w.s.DispatcherServlet:Completed initialization in 7 ms
2021-01-22 10:02:28.268 ERROR [http-nio-8088-exec-2] o.a.c.c.C.[.[.[.[dispatcherServlet]:Servlet.service() for servlet [dispatcherServlet] in context with path [] threw exception
com.fasterxml.jackson.core.JsonGenerationException: Can not start an object, expecting field name (context: Object)
	at com.fasterxml.jackson.core.JsonGenerator._reportError(JsonGenerator.java:1961)
	at com.fasterxml.jackson.core.json.JsonGeneratorImpl._reportCantWriteValueExpectName(JsonGeneratorImpl.java:244)
	at com.fasterxml.jackson.core.json.UTF8JsonGenerator._verifyValueWrite(UTF8JsonGenerator.java:1079)
	at com.fasterxml.jackson.core.json.UTF8JsonGenerator.writeStartObject(UTF8JsonGenerator.java:316)
	at org.elasticsearch.common.xcontent.json.JsonXContentGenerator.writeStartObject(JsonXContentGenerator.java:156)
	at org.elasticsearch.common.xcontent.XContentBuilder.startObject(XContentBuilder.java:255)
	at com.duan.cn.service.impl.UserIndexServiceImpl.putTemplate(UserIndexServiceImpl.java:74)
	at com.duan.cn.controller.GoodIndexController.putTemplate(GoodIndexController.java:20)
	at sun.reflect.NativeMethodAccessorImpl.invoke0(Native Method)
	at sun.reflect.NativeMethodAccessorImpl.invoke(NativeMethodAccessorImpl.java:62)
	at sun.reflect.DelegatingMethodAccessorImpl.invoke(DelegatingMethodAccessorImpl.java:43)
	at java.lang.reflect.Method.invoke(Method.java:498)
	at org.springframework.web.method.support.InvocableHandlerMethod.doInvoke(InvocableHandlerMethod.java:190)
	at org.springframework.web.method.support.InvocableHandlerMethod.invokeForRequest(InvocableHandlerMethod.java:138)
	at org.springframework.web.servlet.mvc.method.annotation.ServletInvocableHandlerMethod.invokeAndHandle(ServletInvocableHandlerMethod.java:105)
	at org.springframework.web.servlet.mvc.method.annotation.RequestMappingHandlerAdapter.invokeHandlerMethod(RequestMappingHandlerAdapter.java:892)
	at org.springframework.web.servlet.mvc.method.annotation.RequestMappingHandlerAdapter.handleInternal(RequestMappingHandlerAdapter.java:797)
	at org.springframework.web.servlet.mvc.method.AbstractHandlerMethodAdapter.handle(AbstractHandlerMethodAdapter.java:87)
	at org.springframework.web.servlet.DispatcherServlet.doDispatch(DispatcherServlet.java:1040)
	at org.springframework.web.servlet.DispatcherServlet.doService(DispatcherServlet.java:943)
	at org.springframework.web.servlet.FrameworkServlet.processRequest(FrameworkServlet.java:1006)
	at org.springframework.web.servlet.FrameworkServlet.doGet(FrameworkServlet.java:898)
	at javax.servlet.http.HttpServlet.service(HttpServlet.java:626)
	at org.springframework.web.servlet.FrameworkServlet.service(FrameworkServlet.java:883)
	at javax.servlet.http.HttpServlet.service(HttpServlet.java:733)
	at org.apache.catalina.core.ApplicationFilterChain.internalDoFilter(ApplicationFilterChain.java:231)
	at org.apache.catalina.core.ApplicationFilterChain.doFilter(ApplicationFilterChain.java:166)
	at org.apache.tomcat.websocket.server.WsFilter.doFilter(WsFilter.java:53)
	at org.apache.catalina.core.ApplicationFilterChain.internalDoFilter(ApplicationFilterChain.java:193)
	at org.apache.catalina.core.ApplicationFilterChain.doFilter(ApplicationFilterChain.java:166)
	at org.springframework.web.filter.RequestContextFilter.doFilterInternal(RequestContextFilter.java:100)
	at org.springframework.web.filter.OncePerRequestFilter.doFilter(OncePerRequestFilter.java:119)
	at org.apache.catalina.core.ApplicationFilterChain.internalDoFilter(ApplicationFilterChain.java:193)
	at org.apache.catalina.core.ApplicationFilterChain.doFilter(ApplicationFilterChain.java:166)
	at org.springframework.web.filter.FormContentFilter.doFilterInternal(FormContentFilter.java:93)
	at org.springframework.web.filter.OncePerRequestFilter.doFilter(OncePerRequestFilter.java:119)
	at org.apache.catalina.core.ApplicationFilterChain.internalDoFilter(ApplicationFilterChain.java:193)
	at org.apache.catalina.core.ApplicationFilterChain.doFilter(ApplicationFilterChain.java:166)
	at org.springframework.web.filter.HiddenHttpMethodFilter.doFilterInternal(HiddenHttpMethodFilter.java:94)
	at org.springframework.web.filter.OncePerRequestFilter.doFilter(OncePerRequestFilter.java:119)
	at org.apache.catalina.core.ApplicationFilterChain.internalDoFilter(ApplicationFilterChain.java:193)
	at org.apache.catalina.core.ApplicationFilterChain.doFilter(ApplicationFilterChain.java:166)
	at org.springframework.web.filter.CharacterEncodingFilter.doFilterInternal(CharacterEncodingFilter.java:201)
	at org.springframework.web.filter.OncePerRequestFilter.doFilter(OncePerRequestFilter.java:119)
	at org.apache.catalina.core.ApplicationFilterChain.internalDoFilter(ApplicationFilterChain.java:193)
	at org.apache.catalina.core.ApplicationFilterChain.doFilter(ApplicationFilterChain.java:166)
	at org.apache.catalina.core.StandardWrapperValve.invoke(StandardWrapperValve.java:202)
	at org.apache.catalina.core.StandardContextValve.invoke(StandardContextValve.java:96)
	at org.apache.catalina.authenticator.AuthenticatorBase.invoke(AuthenticatorBase.java:541)
	at org.apache.catalina.core.StandardHostValve.invoke(StandardHostValve.java:139)
	at org.apache.catalina.valves.ErrorReportValve.invoke(ErrorReportValve.java:92)
	at org.apache.catalina.core.StandardEngineValve.invoke(StandardEngineValve.java:74)
	at org.apache.catalina.connector.CoyoteAdapter.service(CoyoteAdapter.java:343)
	at org.apache.coyote.http11.Http11Processor.service(Http11Processor.java:373)
	at org.apache.coyote.AbstractProcessorLight.process(AbstractProcessorLight.java:65)
	at org.apache.coyote.AbstractProtocol$ConnectionHandler.process(AbstractProtocol.java:868)
	at org.apache.tomcat.util.net.NioEndpoint$SocketProcessor.doRun(NioEndpoint.java:1589)
	at org.apache.tomcat.util.net.SocketProcessorBase.run(SocketProcessorBase.java:49)
	at java.util.concurrent.ThreadPoolExecutor.runWorker(ThreadPoolExecutor.java:1149)
	at java.util.concurrent.ThreadPoolExecutor$Worker.run(ThreadPoolExecutor.java:624)
	at org.apache.tomcat.util.threads.TaskThread$WrappingRunnable.run(TaskThread.java:61)
	at java.lang.Thread.run(Thread.java:748)
2021-01-22 10:07:21.675 INFO  [Thread-3] o.s.s.c.ThreadPoolTaskExecutor:Shutting down ExecutorService 'applicationTaskExecutor'
2021-01-22 10:07:28.983 INFO  [main] c.d.c.ElasticSearchApplication:Starting ElasticSearchApplication on W26-260477 with PID 23384 (E:\project-duplication\elasticsearch\target\classes started by 260477 in E:\project-duplication\elasticsearch)
2021-01-22 10:07:28.987 INFO  [main] c.d.c.ElasticSearchApplication:The following profiles are active: local
2021-01-22 10:07:30.398 INFO  [main] o.s.b.w.e.t.TomcatWebServer:Tomcat initialized with port(s): 8088 (http)
2021-01-22 10:07:30.420 INFO  [main] o.a.c.h.Http11NioProtocol:Initializing ProtocolHandler ["http-nio-8088"]
2021-01-22 10:07:30.437 INFO  [main] o.a.c.c.StandardService:Starting service [Tomcat]
2021-01-22 10:07:30.438 INFO  [main] o.a.c.c.StandardEngine:Starting Servlet engine: [Apache Tomcat/9.0.37]
2021-01-22 10:07:30.782 INFO  [main] o.a.c.c.C.[.[.[/]:Initializing Spring embedded WebApplicationContext
2021-01-22 10:07:30.782 INFO  [main] o.s.w.c.ContextLoader:Root WebApplicationContext: initialization completed in 1742 ms
2021-01-22 10:07:31.671 INFO  [main] o.s.s.c.ThreadPoolTaskExecutor:Initializing ExecutorService 'applicationTaskExecutor'
2021-01-22 10:07:31.867 INFO  [main] o.a.c.h.Http11NioProtocol:Starting ProtocolHandler ["http-nio-8088"]
2021-01-22 10:07:31.886 INFO  [main] o.s.b.w.e.t.TomcatWebServer:Tomcat started on port(s): 8088 (http) with context path ''
2021-01-22 10:07:31.889 INFO  [main] c.d.c.ElasticSearchApplication:Started ElasticSearchApplication in 3.608 seconds (JVM running for 4.859)
2021-01-22 10:07:38.268 INFO  [http-nio-8088-exec-2] o.a.c.c.C.[.[.[/]:Initializing Spring DispatcherServlet 'dispatcherServlet'
2021-01-22 10:07:38.269 INFO  [http-nio-8088-exec-2] o.s.w.s.DispatcherServlet:Initializing Servlet 'dispatcherServlet'
2021-01-22 10:07:38.279 INFO  [http-nio-8088-exec-2] o.s.w.s.DispatcherServlet:Completed initialization in 10 ms
2021-01-22 10:07:39.678 INFO  [http-nio-8088-exec-2] c.d.c.c.GoodIndexController:创建模版成功!
2021-01-22 10:42:40.659 INFO  [Thread-3] o.s.s.c.ThreadPoolTaskExecutor:Shutting down ExecutorService 'applicationTaskExecutor'
2021-01-22 10:42:48.163 INFO  [main] c.d.c.ElasticSearchApplication:Starting ElasticSearchApplication on W26-260477 with PID 26776 (E:\project-duplication\elasticsearch\target\classes started by 260477 in E:\project-duplication\elasticsearch)
2021-01-22 10:42:48.166 INFO  [main] c.d.c.ElasticSearchApplication:The following profiles are active: local
2021-01-22 10:42:49.647 INFO  [main] o.s.b.w.e.t.TomcatWebServer:Tomcat initialized with port(s): 8088 (http)
2021-01-22 10:42:49.674 INFO  [main] o.a.c.h.Http11NioProtocol:Initializing ProtocolHandler ["http-nio-8088"]
2021-01-22 10:42:49.692 INFO  [main] o.a.c.c.StandardService:Starting service [Tomcat]
2021-01-22 10:42:49.692 INFO  [main] o.a.c.c.StandardEngine:Starting Servlet engine: [Apache Tomcat/9.0.37]
2021-01-22 10:42:50.015 INFO  [main] o.a.c.c.C.[.[.[/]:Initializing Spring embedded WebApplicationContext
2021-01-22 10:42:50.016 INFO  [main] o.s.w.c.ContextLoader:Root WebApplicationContext: initialization completed in 1803 ms
2021-01-22 10:42:50.920 INFO  [main] o.s.s.c.ThreadPoolTaskExecutor:Initializing ExecutorService 'applicationTaskExecutor'
2021-01-22 10:42:51.143 INFO  [main] o.a.c.h.Http11NioProtocol:Starting ProtocolHandler ["http-nio-8088"]
2021-01-22 10:42:51.161 INFO  [main] o.s.b.w.e.t.TomcatWebServer:Tomcat started on port(s): 8088 (http) with context path ''
2021-01-22 10:42:51.165 INFO  [main] c.d.c.ElasticSearchApplication:Started ElasticSearchApplication in 3.604 seconds (JVM running for 4.81)
2021-01-22 10:43:06.081 INFO  [http-nio-8088-exec-2] o.a.c.c.C.[.[.[/]:Initializing Spring DispatcherServlet 'dispatcherServlet'
2021-01-22 10:43:06.082 INFO  [http-nio-8088-exec-2] o.s.w.s.DispatcherServlet:Initializing Servlet 'dispatcherServlet'
2021-01-22 10:43:06.089 INFO  [http-nio-8088-exec-2] o.s.w.s.DispatcherServlet:Completed initialization in 7 ms
2021-01-22 10:43:06.202 ERROR [http-nio-8088-exec-2] o.a.c.c.C.[.[.[.[dispatcherServlet]:Servlet.service() for servlet [dispatcherServlet] in context with path [] threw exception
com.fasterxml.jackson.core.JsonGenerationException: Can not write a field name, expecting a value
	at com.fasterxml.jackson.core.JsonGenerator._reportError(JsonGenerator.java:1961)
	at com.fasterxml.jackson.core.json.UTF8JsonGenerator.writeFieldName(UTF8JsonGenerator.java:188)
	at org.elasticsearch.common.xcontent.json.JsonXContentGenerator.writeFieldName(JsonXContentGenerator.java:183)
	at org.elasticsearch.common.xcontent.XContentBuilder.field(XContentBuilder.java:284)
	at org.elasticsearch.common.xcontent.XContentBuilder.startObject(XContentBuilder.java:260)
	at com.duan.cn.service.impl.UserIndexServiceImpl.putTemplate(UserIndexServiceImpl.java:74)
	at com.duan.cn.controller.GoodIndexController.putTemplate(GoodIndexController.java:20)
	at sun.reflect.NativeMethodAccessorImpl.invoke0(Native Method)
	at sun.reflect.NativeMethodAccessorImpl.invoke(NativeMethodAccessorImpl.java:62)
	at sun.reflect.DelegatingMethodAccessorImpl.invoke(DelegatingMethodAccessorImpl.java:43)
	at java.lang.reflect.Method.invoke(Method.java:498)
	at org.springframework.web.method.support.InvocableHandlerMethod.doInvoke(InvocableHandlerMethod.java:190)
	at org.springframework.web.method.support.InvocableHandlerMethod.invokeForRequest(InvocableHandlerMethod.java:138)
	at org.springframework.web.servlet.mvc.method.annotation.ServletInvocableHandlerMethod.invokeAndHandle(ServletInvocableHandlerMethod.java:105)
	at org.springframework.web.servlet.mvc.method.annotation.RequestMappingHandlerAdapter.invokeHandlerMethod(RequestMappingHandlerAdapter.java:892)
	at org.springframework.web.servlet.mvc.method.annotation.RequestMappingHandlerAdapter.handleInternal(RequestMappingHandlerAdapter.java:797)
	at org.springframework.web.servlet.mvc.method.AbstractHandlerMethodAdapter.handle(AbstractHandlerMethodAdapter.java:87)
	at org.springframework.web.servlet.DispatcherServlet.doDispatch(DispatcherServlet.java:1040)
	at org.springframework.web.servlet.DispatcherServlet.doService(DispatcherServlet.java:943)
	at org.springframework.web.servlet.FrameworkServlet.processRequest(FrameworkServlet.java:1006)
	at org.springframework.web.servlet.FrameworkServlet.doGet(FrameworkServlet.java:898)
	at javax.servlet.http.HttpServlet.service(HttpServlet.java:626)
	at org.springframework.web.servlet.FrameworkServlet.service(FrameworkServlet.java:883)
	at javax.servlet.http.HttpServlet.service(HttpServlet.java:733)
	at org.apache.catalina.core.ApplicationFilterChain.internalDoFilter(ApplicationFilterChain.java:231)
	at org.apache.catalina.core.ApplicationFilterChain.doFilter(ApplicationFilterChain.java:166)
	at org.apache.tomcat.websocket.server.WsFilter.doFilter(WsFilter.java:53)
	at org.apache.catalina.core.ApplicationFilterChain.internalDoFilter(ApplicationFilterChain.java:193)
	at org.apache.catalina.core.ApplicationFilterChain.doFilter(ApplicationFilterChain.java:166)
	at org.springframework.web.filter.RequestContextFilter.doFilterInternal(RequestContextFilter.java:100)
	at org.springframework.web.filter.OncePerRequestFilter.doFilter(OncePerRequestFilter.java:119)
	at org.apache.catalina.core.ApplicationFilterChain.internalDoFilter(ApplicationFilterChain.java:193)
	at org.apache.catalina.core.ApplicationFilterChain.doFilter(ApplicationFilterChain.java:166)
	at org.springframework.web.filter.FormContentFilter.doFilterInternal(FormContentFilter.java:93)
	at org.springframework.web.filter.OncePerRequestFilter.doFilter(OncePerRequestFilter.java:119)
	at org.apache.catalina.core.ApplicationFilterChain.internalDoFilter(ApplicationFilterChain.java:193)
	at org.apache.catalina.core.ApplicationFilterChain.doFilter(ApplicationFilterChain.java:166)
	at org.springframework.web.filter.HiddenHttpMethodFilter.doFilterInternal(HiddenHttpMethodFilter.java:94)
	at org.springframework.web.filter.OncePerRequestFilter.doFilter(OncePerRequestFilter.java:119)
	at org.apache.catalina.core.ApplicationFilterChain.internalDoFilter(ApplicationFilterChain.java:193)
	at org.apache.catalina.core.ApplicationFilterChain.doFilter(ApplicationFilterChain.java:166)
	at org.springframework.web.filter.CharacterEncodingFilter.doFilterInternal(CharacterEncodingFilter.java:201)
	at org.springframework.web.filter.OncePerRequestFilter.doFilter(OncePerRequestFilter.java:119)
	at org.apache.catalina.core.ApplicationFilterChain.internalDoFilter(ApplicationFilterChain.java:193)
	at org.apache.catalina.core.ApplicationFilterChain.doFilter(ApplicationFilterChain.java:166)
	at org.apache.catalina.core.StandardWrapperValve.invoke(StandardWrapperValve.java:202)
	at org.apache.catalina.core.StandardContextValve.invoke(StandardContextValve.java:96)
	at org.apache.catalina.authenticator.AuthenticatorBase.invoke(AuthenticatorBase.java:541)
	at org.apache.catalina.core.StandardHostValve.invoke(StandardHostValve.java:139)
	at org.apache.catalina.valves.ErrorReportValve.invoke(ErrorReportValve.java:92)
	at org.apache.catalina.core.StandardEngineValve.invoke(StandardEngineValve.java:74)
	at org.apache.catalina.connector.CoyoteAdapter.service(CoyoteAdapter.java:343)
	at org.apache.coyote.http11.Http11Processor.service(Http11Processor.java:373)
	at org.apache.coyote.AbstractProcessorLight.process(AbstractProcessorLight.java:65)
	at org.apache.coyote.AbstractProtocol$ConnectionHandler.process(AbstractProtocol.java:868)
	at org.apache.tomcat.util.net.NioEndpoint$SocketProcessor.doRun(NioEndpoint.java:1589)
	at org.apache.tomcat.util.net.SocketProcessorBase.run(SocketProcessorBase.java:49)
	at java.util.concurrent.ThreadPoolExecutor.runWorker(ThreadPoolExecutor.java:1149)
	at java.util.concurrent.ThreadPoolExecutor$Worker.run(ThreadPoolExecutor.java:624)
	at org.apache.tomcat.util.threads.TaskThread$WrappingRunnable.run(TaskThread.java:61)
	at java.lang.Thread.run(Thread.java:748)
2021-01-22 10:45:26.751 INFO  [Thread-3] o.s.s.c.ThreadPoolTaskExecutor:Shutting down ExecutorService 'applicationTaskExecutor'
2021-01-22 10:45:33.836 INFO  [main] c.d.c.ElasticSearchApplication:Starting ElasticSearchApplication on W26-260477 with PID 27488 (E:\project-duplication\elasticsearch\target\classes started by 260477 in E:\project-duplication\elasticsearch)
2021-01-22 10:45:33.839 INFO  [main] c.d.c.ElasticSearchApplication:The following profiles are active: local
2021-01-22 10:45:35.252 INFO  [main] o.s.b.w.e.t.TomcatWebServer:Tomcat initialized with port(s): 8088 (http)
2021-01-22 10:45:35.273 INFO  [main] o.a.c.h.Http11NioProtocol:Initializing ProtocolHandler ["http-nio-8088"]
2021-01-22 10:45:35.290 INFO  [main] o.a.c.c.StandardService:Starting service [Tomcat]
2021-01-22 10:45:35.291 INFO  [main] o.a.c.c.StandardEngine:Starting Servlet engine: [Apache Tomcat/9.0.37]
2021-01-22 10:45:35.676 INFO  [main] o.a.c.c.C.[.[.[/]:Initializing Spring embedded WebApplicationContext
2021-01-22 10:45:35.676 INFO  [main] o.s.w.c.ContextLoader:Root WebApplicationContext: initialization completed in 1785 ms
2021-01-22 10:45:36.563 INFO  [main] o.s.s.c.ThreadPoolTaskExecutor:Initializing ExecutorService 'applicationTaskExecutor'
2021-01-22 10:45:36.755 INFO  [main] o.a.c.h.Http11NioProtocol:Starting ProtocolHandler ["http-nio-8088"]
2021-01-22 10:45:36.776 INFO  [main] o.s.b.w.e.t.TomcatWebServer:Tomcat started on port(s): 8088 (http) with context path ''
2021-01-22 10:45:36.780 INFO  [main] c.d.c.ElasticSearchApplication:Started ElasticSearchApplication in 3.632 seconds (JVM running for 4.842)
2021-01-22 10:45:49.324 INFO  [http-nio-8088-exec-1] o.a.c.c.C.[.[.[/]:Initializing Spring DispatcherServlet 'dispatcherServlet'
2021-01-22 10:45:49.325 INFO  [http-nio-8088-exec-1] o.s.w.s.DispatcherServlet:Initializing Servlet 'dispatcherServlet'
2021-01-22 10:45:49.334 INFO  [http-nio-8088-exec-1] o.s.w.s.DispatcherServlet:Completed initialization in 9 ms
2021-01-22 10:45:49.452 ERROR [http-nio-8088-exec-1] o.a.c.c.C.[.[.[.[dispatcherServlet]:Servlet.service() for servlet [dispatcherServlet] in context with path [] threw exception
com.fasterxml.jackson.core.JsonGenerationException: Can not write a field name, expecting a value
	at com.fasterxml.jackson.core.JsonGenerator._reportError(JsonGenerator.java:1961)
	at com.fasterxml.jackson.core.json.UTF8JsonGenerator.writeFieldName(UTF8JsonGenerator.java:188)
	at org.elasticsearch.common.xcontent.json.JsonXContentGenerator.writeFieldName(JsonXContentGenerator.java:183)
	at org.elasticsearch.common.xcontent.XContentBuilder.field(XContentBuilder.java:284)
	at org.elasticsearch.common.xcontent.XContentBuilder.startObject(XContentBuilder.java:260)
	at com.duan.cn.service.impl.UserIndexServiceImpl.putTemplate(UserIndexServiceImpl.java:74)
	at com.duan.cn.controller.GoodIndexController.putTemplate(GoodIndexController.java:20)
	at sun.reflect.NativeMethodAccessorImpl.invoke0(Native Method)
	at sun.reflect.NativeMethodAccessorImpl.invoke(NativeMethodAccessorImpl.java:62)
	at sun.reflect.DelegatingMethodAccessorImpl.invoke(DelegatingMethodAccessorImpl.java:43)
	at java.lang.reflect.Method.invoke(Method.java:498)
	at org.springframework.web.method.support.InvocableHandlerMethod.doInvoke(InvocableHandlerMethod.java:190)
	at org.springframework.web.method.support.InvocableHandlerMethod.invokeForRequest(InvocableHandlerMethod.java:138)
	at org.springframework.web.servlet.mvc.method.annotation.ServletInvocableHandlerMethod.invokeAndHandle(ServletInvocableHandlerMethod.java:105)
	at org.springframework.web.servlet.mvc.method.annotation.RequestMappingHandlerAdapter.invokeHandlerMethod(RequestMappingHandlerAdapter.java:892)
	at org.springframework.web.servlet.mvc.method.annotation.RequestMappingHandlerAdapter.handleInternal(RequestMappingHandlerAdapter.java:797)
	at org.springframework.web.servlet.mvc.method.AbstractHandlerMethodAdapter.handle(AbstractHandlerMethodAdapter.java:87)
	at org.springframework.web.servlet.DispatcherServlet.doDispatch(DispatcherServlet.java:1040)
	at org.springframework.web.servlet.DispatcherServlet.doService(DispatcherServlet.java:943)
	at org.springframework.web.servlet.FrameworkServlet.processRequest(FrameworkServlet.java:1006)
	at org.springframework.web.servlet.FrameworkServlet.doGet(FrameworkServlet.java:898)
	at javax.servlet.http.HttpServlet.service(HttpServlet.java:626)
	at org.springframework.web.servlet.FrameworkServlet.service(FrameworkServlet.java:883)
	at javax.servlet.http.HttpServlet.service(HttpServlet.java:733)
	at org.apache.catalina.core.ApplicationFilterChain.internalDoFilter(ApplicationFilterChain.java:231)
	at org.apache.catalina.core.ApplicationFilterChain.doFilter(ApplicationFilterChain.java:166)
	at org.apache.tomcat.websocket.server.WsFilter.doFilter(WsFilter.java:53)
	at org.apache.catalina.core.ApplicationFilterChain.internalDoFilter(ApplicationFilterChain.java:193)
	at org.apache.catalina.core.ApplicationFilterChain.doFilter(ApplicationFilterChain.java:166)
	at org.springframework.web.filter.RequestContextFilter.doFilterInternal(RequestContextFilter.java:100)
	at org.springframework.web.filter.OncePerRequestFilter.doFilter(OncePerRequestFilter.java:119)
	at org.apache.catalina.core.ApplicationFilterChain.internalDoFilter(ApplicationFilterChain.java:193)
	at org.apache.catalina.core.ApplicationFilterChain.doFilter(ApplicationFilterChain.java:166)
	at org.springframework.web.filter.FormContentFilter.doFilterInternal(FormContentFilter.java:93)
	at org.springframework.web.filter.OncePerRequestFilter.doFilter(OncePerRequestFilter.java:119)
	at org.apache.catalina.core.ApplicationFilterChain.internalDoFilter(ApplicationFilterChain.java:193)
	at org.apache.catalina.core.ApplicationFilterChain.doFilter(ApplicationFilterChain.java:166)
	at org.springframework.web.filter.HiddenHttpMethodFilter.doFilterInternal(HiddenHttpMethodFilter.java:94)
	at org.springframework.web.filter.OncePerRequestFilter.doFilter(OncePerRequestFilter.java:119)
	at org.apache.catalina.core.ApplicationFilterChain.internalDoFilter(ApplicationFilterChain.java:193)
	at org.apache.catalina.core.ApplicationFilterChain.doFilter(ApplicationFilterChain.java:166)
	at org.springframework.web.filter.CharacterEncodingFilter.doFilterInternal(CharacterEncodingFilter.java:201)
	at org.springframework.web.filter.OncePerRequestFilter.doFilter(OncePerRequestFilter.java:119)
	at org.apache.catalina.core.ApplicationFilterChain.internalDoFilter(ApplicationFilterChain.java:193)
	at org.apache.catalina.core.ApplicationFilterChain.doFilter(ApplicationFilterChain.java:166)
	at org.apache.catalina.core.StandardWrapperValve.invoke(StandardWrapperValve.java:202)
	at org.apache.catalina.core.StandardContextValve.invoke(StandardContextValve.java:96)
	at org.apache.catalina.authenticator.AuthenticatorBase.invoke(AuthenticatorBase.java:541)
	at org.apache.catalina.core.StandardHostValve.invoke(StandardHostValve.java:139)
	at org.apache.catalina.valves.ErrorReportValve.invoke(ErrorReportValve.java:92)
	at org.apache.catalina.core.StandardEngineValve.invoke(StandardEngineValve.java:74)
	at org.apache.catalina.connector.CoyoteAdapter.service(CoyoteAdapter.java:343)
	at org.apache.coyote.http11.Http11Processor.service(Http11Processor.java:373)
	at org.apache.coyote.AbstractProcessorLight.process(AbstractProcessorLight.java:65)
	at org.apache.coyote.AbstractProtocol$ConnectionHandler.process(AbstractProtocol.java:868)
	at org.apache.tomcat.util.net.NioEndpoint$SocketProcessor.doRun(NioEndpoint.java:1589)
	at org.apache.tomcat.util.net.SocketProcessorBase.run(SocketProcessorBase.java:49)
	at java.util.concurrent.ThreadPoolExecutor.runWorker(ThreadPoolExecutor.java:1149)
	at java.util.concurrent.ThreadPoolExecutor$Worker.run(ThreadPoolExecutor.java:624)
	at org.apache.tomcat.util.threads.TaskThread$WrappingRunnable.run(TaskThread.java:61)
	at java.lang.Thread.run(Thread.java:748)
2021-01-22 10:46:51.665 INFO  [Thread-3] o.s.s.c.ThreadPoolTaskExecutor:Shutting down ExecutorService 'applicationTaskExecutor'
2021-01-22 10:46:58.816 INFO  [main] c.d.c.ElasticSearchApplication:Starting ElasticSearchApplication on W26-260477 with PID 13700 (E:\project-duplication\elasticsearch\target\classes started by 260477 in E:\project-duplication\elasticsearch)
2021-01-22 10:46:58.820 INFO  [main] c.d.c.ElasticSearchApplication:The following profiles are active: local
2021-01-22 10:47:00.203 INFO  [main] o.s.b.w.e.t.TomcatWebServer:Tomcat initialized with port(s): 8088 (http)
2021-01-22 10:47:00.224 INFO  [main] o.a.c.h.Http11NioProtocol:Initializing ProtocolHandler ["http-nio-8088"]
2021-01-22 10:47:00.240 INFO  [main] o.a.c.c.StandardService:Starting service [Tomcat]
2021-01-22 10:47:00.240 INFO  [main] o.a.c.c.StandardEngine:Starting Servlet engine: [Apache Tomcat/9.0.37]
2021-01-22 10:47:00.575 INFO  [main] o.a.c.c.C.[.[.[/]:Initializing Spring embedded WebApplicationContext
2021-01-22 10:47:00.575 INFO  [main] o.s.w.c.ContextLoader:Root WebApplicationContext: initialization completed in 1696 ms
2021-01-22 10:47:01.475 INFO  [main] o.s.s.c.ThreadPoolTaskExecutor:Initializing ExecutorService 'applicationTaskExecutor'
2021-01-22 10:47:01.685 INFO  [main] o.a.c.h.Http11NioProtocol:Starting ProtocolHandler ["http-nio-8088"]
2021-01-22 10:47:01.704 INFO  [main] o.s.b.w.e.t.TomcatWebServer:Tomcat started on port(s): 8088 (http) with context path ''
2021-01-22 10:47:01.707 INFO  [main] c.d.c.ElasticSearchApplication:Started ElasticSearchApplication in 3.509 seconds (JVM running for 4.881)
2021-01-22 10:47:07.711 INFO  [http-nio-8088-exec-2] o.a.c.c.C.[.[.[/]:Initializing Spring DispatcherServlet 'dispatcherServlet'
2021-01-22 10:47:07.712 INFO  [http-nio-8088-exec-2] o.s.w.s.DispatcherServlet:Initializing Servlet 'dispatcherServlet'
2021-01-22 10:47:07.719 INFO  [http-nio-8088-exec-2] o.s.w.s.DispatcherServlet:Completed initialization in 7 ms
2021-01-22 10:47:07.821 ERROR [http-nio-8088-exec-2] o.a.c.c.C.[.[.[.[dispatcherServlet]:Servlet.service() for servlet [dispatcherServlet] in context with path [] threw exception
com.fasterxml.jackson.core.JsonGenerationException: Can not write a field name, expecting a value
	at com.fasterxml.jackson.core.JsonGenerator._reportError(JsonGenerator.java:1961)
	at com.fasterxml.jackson.core.json.UTF8JsonGenerator.writeFieldName(UTF8JsonGenerator.java:188)
	at org.elasticsearch.common.xcontent.json.JsonXContentGenerator.writeFieldName(JsonXContentGenerator.java:183)
	at org.elasticsearch.common.xcontent.XContentBuilder.field(XContentBuilder.java:284)
	at org.elasticsearch.common.xcontent.XContentBuilder.startObject(XContentBuilder.java:260)
	at com.duan.cn.service.impl.UserIndexServiceImpl.putTemplate(UserIndexServiceImpl.java:74)
	at com.duan.cn.controller.GoodIndexController.putTemplate(GoodIndexController.java:20)
	at sun.reflect.NativeMethodAccessorImpl.invoke0(Native Method)
	at sun.reflect.NativeMethodAccessorImpl.invoke(NativeMethodAccessorImpl.java:62)
	at sun.reflect.DelegatingMethodAccessorImpl.invoke(DelegatingMethodAccessorImpl.java:43)
	at java.lang.reflect.Method.invoke(Method.java:498)
	at org.springframework.web.method.support.InvocableHandlerMethod.doInvoke(InvocableHandlerMethod.java:190)
	at org.springframework.web.method.support.InvocableHandlerMethod.invokeForRequest(InvocableHandlerMethod.java:138)
	at org.springframework.web.servlet.mvc.method.annotation.ServletInvocableHandlerMethod.invokeAndHandle(ServletInvocableHandlerMethod.java:105)
	at org.springframework.web.servlet.mvc.method.annotation.RequestMappingHandlerAdapter.invokeHandlerMethod(RequestMappingHandlerAdapter.java:892)
	at org.springframework.web.servlet.mvc.method.annotation.RequestMappingHandlerAdapter.handleInternal(RequestMappingHandlerAdapter.java:797)
	at org.springframework.web.servlet.mvc.method.AbstractHandlerMethodAdapter.handle(AbstractHandlerMethodAdapter.java:87)
	at org.springframework.web.servlet.DispatcherServlet.doDispatch(DispatcherServlet.java:1040)
	at org.springframework.web.servlet.DispatcherServlet.doService(DispatcherServlet.java:943)
	at org.springframework.web.servlet.FrameworkServlet.processRequest(FrameworkServlet.java:1006)
	at org.springframework.web.servlet.FrameworkServlet.doGet(FrameworkServlet.java:898)
	at javax.servlet.http.HttpServlet.service(HttpServlet.java:626)
	at org.springframework.web.servlet.FrameworkServlet.service(FrameworkServlet.java:883)
	at javax.servlet.http.HttpServlet.service(HttpServlet.java:733)
	at org.apache.catalina.core.ApplicationFilterChain.internalDoFilter(ApplicationFilterChain.java:231)
	at org.apache.catalina.core.ApplicationFilterChain.doFilter(ApplicationFilterChain.java:166)
	at org.apache.tomcat.websocket.server.WsFilter.doFilter(WsFilter.java:53)
	at org.apache.catalina.core.ApplicationFilterChain.internalDoFilter(ApplicationFilterChain.java:193)
	at org.apache.catalina.core.ApplicationFilterChain.doFilter(ApplicationFilterChain.java:166)
	at org.springframework.web.filter.RequestContextFilter.doFilterInternal(RequestContextFilter.java:100)
	at org.springframework.web.filter.OncePerRequestFilter.doFilter(OncePerRequestFilter.java:119)
	at org.apache.catalina.core.ApplicationFilterChain.internalDoFilter(ApplicationFilterChain.java:193)
	at org.apache.catalina.core.ApplicationFilterChain.doFilter(ApplicationFilterChain.java:166)
	at org.springframework.web.filter.FormContentFilter.doFilterInternal(FormContentFilter.java:93)
	at org.springframework.web.filter.OncePerRequestFilter.doFilter(OncePerRequestFilter.java:119)
	at org.apache.catalina.core.ApplicationFilterChain.internalDoFilter(ApplicationFilterChain.java:193)
	at org.apache.catalina.core.ApplicationFilterChain.doFilter(ApplicationFilterChain.java:166)
	at org.springframework.web.filter.HiddenHttpMethodFilter.doFilterInternal(HiddenHttpMethodFilter.java:94)
	at org.springframework.web.filter.OncePerRequestFilter.doFilter(OncePerRequestFilter.java:119)
	at org.apache.catalina.core.ApplicationFilterChain.internalDoFilter(ApplicationFilterChain.java:193)
	at org.apache.catalina.core.ApplicationFilterChain.doFilter(ApplicationFilterChain.java:166)
	at org.springframework.web.filter.CharacterEncodingFilter.doFilterInternal(CharacterEncodingFilter.java:201)
	at org.springframework.web.filter.OncePerRequestFilter.doFilter(OncePerRequestFilter.java:119)
	at org.apache.catalina.core.ApplicationFilterChain.internalDoFilter(ApplicationFilterChain.java:193)
	at org.apache.catalina.core.ApplicationFilterChain.doFilter(ApplicationFilterChain.java:166)
	at org.apache.catalina.core.StandardWrapperValve.invoke(StandardWrapperValve.java:202)
	at org.apache.catalina.core.StandardContextValve.invoke(StandardContextValve.java:96)
	at org.apache.catalina.authenticator.AuthenticatorBase.invoke(AuthenticatorBase.java:541)
	at org.apache.catalina.core.StandardHostValve.invoke(StandardHostValve.java:139)
	at org.apache.catalina.valves.ErrorReportValve.invoke(ErrorReportValve.java:92)
	at org.apache.catalina.core.StandardEngineValve.invoke(StandardEngineValve.java:74)
	at org.apache.catalina.connector.CoyoteAdapter.service(CoyoteAdapter.java:343)
	at org.apache.coyote.http11.Http11Processor.service(Http11Processor.java:373)
	at org.apache.coyote.AbstractProcessorLight.process(AbstractProcessorLight.java:65)
	at org.apache.coyote.AbstractProtocol$ConnectionHandler.process(AbstractProtocol.java:868)
	at org.apache.tomcat.util.net.NioEndpoint$SocketProcessor.doRun(NioEndpoint.java:1589)
	at org.apache.tomcat.util.net.SocketProcessorBase.run(SocketProcessorBase.java:49)
	at java.util.concurrent.ThreadPoolExecutor.runWorker(ThreadPoolExecutor.java:1149)
	at java.util.concurrent.ThreadPoolExecutor$Worker.run(ThreadPoolExecutor.java:624)
	at org.apache.tomcat.util.threads.TaskThread$WrappingRunnable.run(TaskThread.java:61)
	at java.lang.Thread.run(Thread.java:748)
2021-01-22 10:58:48.595 INFO  [Thread-3] o.s.s.c.ThreadPoolTaskExecutor:Shutting down ExecutorService 'applicationTaskExecutor'
2021-01-22 10:58:55.652 INFO  [main] c.d.c.ElasticSearchApplication:Starting ElasticSearchApplication on W26-260477 with PID 24784 (E:\project-duplication\elasticsearch\target\classes started by 260477 in E:\project-duplication\elasticsearch)
2021-01-22 10:58:55.656 INFO  [main] c.d.c.ElasticSearchApplication:The following profiles are active: local
2021-01-22 10:58:57.089 INFO  [main] o.s.b.w.e.t.TomcatWebServer:Tomcat initialized with port(s): 8088 (http)
2021-01-22 10:58:57.112 INFO  [main] o.a.c.h.Http11NioProtocol:Initializing ProtocolHandler ["http-nio-8088"]
2021-01-22 10:58:57.128 INFO  [main] o.a.c.c.StandardService:Starting service [Tomcat]
2021-01-22 10:58:57.128 INFO  [main] o.a.c.c.StandardEngine:Starting Servlet engine: [Apache Tomcat/9.0.37]
2021-01-22 10:58:57.441 INFO  [main] o.a.c.c.C.[.[.[/]:Initializing Spring embedded WebApplicationContext
2021-01-22 10:58:57.441 INFO  [main] o.s.w.c.ContextLoader:Root WebApplicationContext: initialization completed in 1733 ms
2021-01-22 10:58:58.335 INFO  [main] o.s.s.c.ThreadPoolTaskExecutor:Initializing ExecutorService 'applicationTaskExecutor'
2021-01-22 10:58:58.540 INFO  [main] o.a.c.h.Http11NioProtocol:Starting ProtocolHandler ["http-nio-8088"]
2021-01-22 10:58:58.559 INFO  [main] o.s.b.w.e.t.TomcatWebServer:Tomcat started on port(s): 8088 (http) with context path ''
2021-01-22 10:58:58.562 INFO  [main] c.d.c.ElasticSearchApplication:Started ElasticSearchApplication in 3.527 seconds (JVM running for 4.732)
2021-01-22 10:59:29.036 INFO  [http-nio-8088-exec-2] o.a.c.c.C.[.[.[/]:Initializing Spring DispatcherServlet 'dispatcherServlet'
2021-01-22 10:59:29.036 INFO  [http-nio-8088-exec-2] o.s.w.s.DispatcherServlet:Initializing Servlet 'dispatcherServlet'
2021-01-22 10:59:29.046 INFO  [http-nio-8088-exec-2] o.s.w.s.DispatcherServlet:Completed initialization in 9 ms
2021-01-22 10:59:29.154 ERROR [http-nio-8088-exec-2] o.a.c.c.C.[.[.[.[dispatcherServlet]:Servlet.service() for servlet [dispatcherServlet] in context with path [] threw exception
com.fasterxml.jackson.core.JsonGenerationException: Can not write a field name, expecting a value
	at com.fasterxml.jackson.core.JsonGenerator._reportError(JsonGenerator.java:1961)
	at com.fasterxml.jackson.core.json.UTF8JsonGenerator.writeFieldName(UTF8JsonGenerator.java:188)
	at org.elasticsearch.common.xcontent.json.JsonXContentGenerator.writeFieldName(JsonXContentGenerator.java:183)
	at org.elasticsearch.common.xcontent.XContentBuilder.field(XContentBuilder.java:284)
	at org.elasticsearch.common.xcontent.XContentBuilder.startObject(XContentBuilder.java:260)
	at com.duan.cn.service.impl.UserIndexServiceImpl.putTemplate(UserIndexServiceImpl.java:74)
	at com.duan.cn.controller.GoodIndexController.putTemplate(GoodIndexController.java:20)
	at sun.reflect.NativeMethodAccessorImpl.invoke0(Native Method)
	at sun.reflect.NativeMethodAccessorImpl.invoke(NativeMethodAccessorImpl.java:62)
	at sun.reflect.DelegatingMethodAccessorImpl.invoke(DelegatingMethodAccessorImpl.java:43)
	at java.lang.reflect.Method.invoke(Method.java:498)
	at org.springframework.web.method.support.InvocableHandlerMethod.doInvoke(InvocableHandlerMethod.java:190)
	at org.springframework.web.method.support.InvocableHandlerMethod.invokeForRequest(InvocableHandlerMethod.java:138)
	at org.springframework.web.servlet.mvc.method.annotation.ServletInvocableHandlerMethod.invokeAndHandle(ServletInvocableHandlerMethod.java:105)
	at org.springframework.web.servlet.mvc.method.annotation.RequestMappingHandlerAdapter.invokeHandlerMethod(RequestMappingHandlerAdapter.java:892)
	at org.springframework.web.servlet.mvc.method.annotation.RequestMappingHandlerAdapter.handleInternal(RequestMappingHandlerAdapter.java:797)
	at org.springframework.web.servlet.mvc.method.AbstractHandlerMethodAdapter.handle(AbstractHandlerMethodAdapter.java:87)
	at org.springframework.web.servlet.DispatcherServlet.doDispatch(DispatcherServlet.java:1040)
	at org.springframework.web.servlet.DispatcherServlet.doService(DispatcherServlet.java:943)
	at org.springframework.web.servlet.FrameworkServlet.processRequest(FrameworkServlet.java:1006)
	at org.springframework.web.servlet.FrameworkServlet.doGet(FrameworkServlet.java:898)
	at javax.servlet.http.HttpServlet.service(HttpServlet.java:626)
	at org.springframework.web.servlet.FrameworkServlet.service(FrameworkServlet.java:883)
	at javax.servlet.http.HttpServlet.service(HttpServlet.java:733)
	at org.apache.catalina.core.ApplicationFilterChain.internalDoFilter(ApplicationFilterChain.java:231)
	at org.apache.catalina.core.ApplicationFilterChain.doFilter(ApplicationFilterChain.java:166)
	at org.apache.tomcat.websocket.server.WsFilter.doFilter(WsFilter.java:53)
	at org.apache.catalina.core.ApplicationFilterChain.internalDoFilter(ApplicationFilterChain.java:193)
	at org.apache.catalina.core.ApplicationFilterChain.doFilter(ApplicationFilterChain.java:166)
	at org.springframework.web.filter.RequestContextFilter.doFilterInternal(RequestContextFilter.java:100)
	at org.springframework.web.filter.OncePerRequestFilter.doFilter(OncePerRequestFilter.java:119)
	at org.apache.catalina.core.ApplicationFilterChain.internalDoFilter(ApplicationFilterChain.java:193)
	at org.apache.catalina.core.ApplicationFilterChain.doFilter(ApplicationFilterChain.java:166)
	at org.springframework.web.filter.FormContentFilter.doFilterInternal(FormContentFilter.java:93)
	at org.springframework.web.filter.OncePerRequestFilter.doFilter(OncePerRequestFilter.java:119)
	at org.apache.catalina.core.ApplicationFilterChain.internalDoFilter(ApplicationFilterChain.java:193)
	at org.apache.catalina.core.ApplicationFilterChain.doFilter(ApplicationFilterChain.java:166)
	at org.springframework.web.filter.HiddenHttpMethodFilter.doFilterInternal(HiddenHttpMethodFilter.java:94)
	at org.springframework.web.filter.OncePerRequestFilter.doFilter(OncePerRequestFilter.java:119)
	at org.apache.catalina.core.ApplicationFilterChain.internalDoFilter(ApplicationFilterChain.java:193)
	at org.apache.catalina.core.ApplicationFilterChain.doFilter(ApplicationFilterChain.java:166)
	at org.springframework.web.filter.CharacterEncodingFilter.doFilterInternal(CharacterEncodingFilter.java:201)
	at org.springframework.web.filter.OncePerRequestFilter.doFilter(OncePerRequestFilter.java:119)
	at org.apache.catalina.core.ApplicationFilterChain.internalDoFilter(ApplicationFilterChain.java:193)
	at org.apache.catalina.core.ApplicationFilterChain.doFilter(ApplicationFilterChain.java:166)
	at org.apache.catalina.core.StandardWrapperValve.invoke(StandardWrapperValve.java:202)
	at org.apache.catalina.core.StandardContextValve.invoke(StandardContextValve.java:96)
	at org.apache.catalina.authenticator.AuthenticatorBase.invoke(AuthenticatorBase.java:541)
	at org.apache.catalina.core.StandardHostValve.invoke(StandardHostValve.java:139)
	at org.apache.catalina.valves.ErrorReportValve.invoke(ErrorReportValve.java:92)
	at org.apache.catalina.core.StandardEngineValve.invoke(StandardEngineValve.java:74)
	at org.apache.catalina.connector.CoyoteAdapter.service(CoyoteAdapter.java:343)
	at org.apache.coyote.http11.Http11Processor.service(Http11Processor.java:373)
	at org.apache.coyote.AbstractProcessorLight.process(AbstractProcessorLight.java:65)
	at org.apache.coyote.AbstractProtocol$ConnectionHandler.process(AbstractProtocol.java:868)
	at org.apache.tomcat.util.net.NioEndpoint$SocketProcessor.doRun(NioEndpoint.java:1589)
	at org.apache.tomcat.util.net.SocketProcessorBase.run(SocketProcessorBase.java:49)
	at java.util.concurrent.ThreadPoolExecutor.runWorker(ThreadPoolExecutor.java:1149)
	at java.util.concurrent.ThreadPoolExecutor$Worker.run(ThreadPoolExecutor.java:624)
	at org.apache.tomcat.util.threads.TaskThread$WrappingRunnable.run(TaskThread.java:61)
	at java.lang.Thread.run(Thread.java:748)
2021-01-22 11:07:25.664 INFO  [Thread-3] o.s.s.c.ThreadPoolTaskExecutor:Shutting down ExecutorService 'applicationTaskExecutor'
2021-01-22 11:07:32.737 INFO  [main] c.d.c.ElasticSearchApplication:Starting ElasticSearchApplication on W26-260477 with PID 16568 (E:\project-duplication\elasticsearch\target\classes started by 260477 in E:\project-duplication\elasticsearch)
2021-01-22 11:07:32.741 INFO  [main] c.d.c.ElasticSearchApplication:The following profiles are active: local
2021-01-22 11:07:34.152 INFO  [main] o.s.b.w.e.t.TomcatWebServer:Tomcat initialized with port(s): 8088 (http)
2021-01-22 11:07:34.177 INFO  [main] o.a.c.h.Http11NioProtocol:Initializing ProtocolHandler ["http-nio-8088"]
2021-01-22 11:07:34.194 INFO  [main] o.a.c.c.StandardService:Starting service [Tomcat]
2021-01-22 11:07:34.195 INFO  [main] o.a.c.c.StandardEngine:Starting Servlet engine: [Apache Tomcat/9.0.37]
2021-01-22 11:07:34.519 INFO  [main] o.a.c.c.C.[.[.[/]:Initializing Spring embedded WebApplicationContext
2021-01-22 11:07:34.520 INFO  [main] o.s.w.c.ContextLoader:Root WebApplicationContext: initialization completed in 1731 ms
2021-01-22 11:07:35.473 INFO  [main] o.s.s.c.ThreadPoolTaskExecutor:Initializing ExecutorService 'applicationTaskExecutor'
2021-01-22 11:07:35.693 INFO  [main] o.a.c.h.Http11NioProtocol:Starting ProtocolHandler ["http-nio-8088"]
2021-01-22 11:07:35.715 INFO  [main] o.s.b.w.e.t.TomcatWebServer:Tomcat started on port(s): 8088 (http) with context path ''
2021-01-22 11:07:35.720 INFO  [main] c.d.c.ElasticSearchApplication:Started ElasticSearchApplication in 3.586 seconds (JVM running for 4.801)
2021-01-22 11:07:40.312 INFO  [http-nio-8088-exec-2] o.a.c.c.C.[.[.[/]:Initializing Spring DispatcherServlet 'dispatcherServlet'
2021-01-22 11:07:40.312 INFO  [http-nio-8088-exec-2] o.s.w.s.DispatcherServlet:Initializing Servlet 'dispatcherServlet'
2021-01-22 11:07:40.320 INFO  [http-nio-8088-exec-2] o.s.w.s.DispatcherServlet:Completed initialization in 8 ms
2021-01-22 11:07:40.776 ERROR [http-nio-8088-exec-2] o.a.c.c.C.[.[.[.[dispatcherServlet]:Servlet.service() for servlet [dispatcherServlet] in context with path [] threw exception [Request processing failed; nested exception is ElasticsearchStatusException[Elasticsearch exception [type=mapper_parsing_exception, reason=Failed to parse mapping [_doc]: Root mapping definition has unsupported parameters:  [elastic : {properties={connet={type=text}, goodsId={type=integer}, goodsName={type=text}}}]]]; nested: ElasticsearchException[Elasticsearch exception [type=mapper_parsing_exception, reason=Root mapping definition has unsupported parameters:  [elastic : {properties={connet={type=text}, goodsId={type=integer}, goodsName={type=text}}}]]];] with root cause
org.elasticsearch.ElasticsearchException: Elasticsearch exception [type=mapper_parsing_exception, reason=Root mapping definition has unsupported parameters:  [elastic : {properties={connet={type=text}, goodsId={type=integer}, goodsName={type=text}}}]]
	at org.elasticsearch.ElasticsearchException.innerFromXContent(ElasticsearchException.java:496)
	at org.elasticsearch.ElasticsearchException.fromXContent(ElasticsearchException.java:407)
	at org.elasticsearch.ElasticsearchException.innerFromXContent(ElasticsearchException.java:437)
	at org.elasticsearch.ElasticsearchException.failureFromXContent(ElasticsearchException.java:603)
	at org.elasticsearch.rest.BytesRestResponse.errorFromXContent(BytesRestResponse.java:169)
	at org.elasticsearch.client.RestHighLevelClient.parseEntity(RestHighLevelClient.java:1793)
	at org.elasticsearch.client.RestHighLevelClient.parseResponseException(RestHighLevelClient.java:1770)
	at org.elasticsearch.client.RestHighLevelClient.internalPerformRequest(RestHighLevelClient.java:1527)
	at org.elasticsearch.client.RestHighLevelClient.performRequest(RestHighLevelClient.java:1484)
	at org.elasticsearch.client.RestHighLevelClient.performRequestAndParseEntity(RestHighLevelClient.java:1454)
	at org.elasticsearch.client.IndicesClient.putTemplate(IndicesClient.java:1272)
	at com.duan.cn.service.impl.UserIndexServiceImpl.putTemplate(UserIndexServiceImpl.java:85)
	at com.duan.cn.controller.GoodIndexController.putTemplate(GoodIndexController.java:20)
	at sun.reflect.NativeMethodAccessorImpl.invoke0(Native Method)
	at sun.reflect.NativeMethodAccessorImpl.invoke(NativeMethodAccessorImpl.java:62)
	at sun.reflect.DelegatingMethodAccessorImpl.invoke(DelegatingMethodAccessorImpl.java:43)
	at java.lang.reflect.Method.invoke(Method.java:498)
	at org.springframework.web.method.support.InvocableHandlerMethod.doInvoke(InvocableHandlerMethod.java:190)
	at org.springframework.web.method.support.InvocableHandlerMethod.invokeForRequest(InvocableHandlerMethod.java:138)
	at org.springframework.web.servlet.mvc.method.annotation.ServletInvocableHandlerMethod.invokeAndHandle(ServletInvocableHandlerMethod.java:105)
	at org.springframework.web.servlet.mvc.method.annotation.RequestMappingHandlerAdapter.invokeHandlerMethod(RequestMappingHandlerAdapter.java:892)
	at org.springframework.web.servlet.mvc.method.annotation.RequestMappingHandlerAdapter.handleInternal(RequestMappingHandlerAdapter.java:797)
	at org.springframework.web.servlet.mvc.method.AbstractHandlerMethodAdapter.handle(AbstractHandlerMethodAdapter.java:87)
	at org.springframework.web.servlet.DispatcherServlet.doDispatch(DispatcherServlet.java:1040)
	at org.springframework.web.servlet.DispatcherServlet.doService(DispatcherServlet.java:943)
	at org.springframework.web.servlet.FrameworkServlet.processRequest(FrameworkServlet.java:1006)
	at org.springframework.web.servlet.FrameworkServlet.doGet(FrameworkServlet.java:898)
	at javax.servlet.http.HttpServlet.service(HttpServlet.java:626)
	at org.springframework.web.servlet.FrameworkServlet.service(FrameworkServlet.java:883)
	at javax.servlet.http.HttpServlet.service(HttpServlet.java:733)
	at org.apache.catalina.core.ApplicationFilterChain.internalDoFilter(ApplicationFilterChain.java:231)
	at org.apache.catalina.core.ApplicationFilterChain.doFilter(ApplicationFilterChain.java:166)
	at org.apache.tomcat.websocket.server.WsFilter.doFilter(WsFilter.java:53)
	at org.apache.catalina.core.ApplicationFilterChain.internalDoFilter(ApplicationFilterChain.java:193)
	at org.apache.catalina.core.ApplicationFilterChain.doFilter(ApplicationFilterChain.java:166)
	at org.springframework.web.filter.RequestContextFilter.doFilterInternal(RequestContextFilter.java:100)
	at org.springframework.web.filter.OncePerRequestFilter.doFilter(OncePerRequestFilter.java:119)
	at org.apache.catalina.core.ApplicationFilterChain.internalDoFilter(ApplicationFilterChain.java:193)
	at org.apache.catalina.core.ApplicationFilterChain.doFilter(ApplicationFilterChain.java:166)
	at org.springframework.web.filter.FormContentFilter.doFilterInternal(FormContentFilter.java:93)
	at org.springframework.web.filter.OncePerRequestFilter.doFilter(OncePerRequestFilter.java:119)
	at org.apache.catalina.core.ApplicationFilterChain.internalDoFilter(ApplicationFilterChain.java:193)
	at org.apache.catalina.core.ApplicationFilterChain.doFilter(ApplicationFilterChain.java:166)
	at org.springframework.web.filter.HiddenHttpMethodFilter.doFilterInternal(HiddenHttpMethodFilter.java:94)
	at org.springframework.web.filter.OncePerRequestFilter.doFilter(OncePerRequestFilter.java:119)
	at org.apache.catalina.core.ApplicationFilterChain.internalDoFilter(ApplicationFilterChain.java:193)
	at org.apache.catalina.core.ApplicationFilterChain.doFilter(ApplicationFilterChain.java:166)
	at org.springframework.web.filter.CharacterEncodingFilter.doFilterInternal(CharacterEncodingFilter.java:201)
	at org.springframework.web.filter.OncePerRequestFilter.doFilter(OncePerRequestFilter.java:119)
	at org.apache.catalina.core.ApplicationFilterChain.internalDoFilter(ApplicationFilterChain.java:193)
	at org.apache.catalina.core.ApplicationFilterChain.doFilter(ApplicationFilterChain.java:166)
	at org.apache.catalina.core.StandardWrapperValve.invoke(StandardWrapperValve.java:202)
	at org.apache.catalina.core.StandardContextValve.invoke(StandardContextValve.java:96)
	at org.apache.catalina.authenticator.AuthenticatorBase.invoke(AuthenticatorBase.java:541)
	at org.apache.catalina.core.StandardHostValve.invoke(StandardHostValve.java:139)
	at org.apache.catalina.valves.ErrorReportValve.invoke(ErrorReportValve.java:92)
	at org.apache.catalina.core.StandardEngineValve.invoke(StandardEngineValve.java:74)
	at org.apache.catalina.connector.CoyoteAdapter.service(CoyoteAdapter.java:343)
	at org.apache.coyote.http11.Http11Processor.service(Http11Processor.java:373)
	at org.apache.coyote.AbstractProcessorLight.process(AbstractProcessorLight.java:65)
	at org.apache.coyote.AbstractProtocol$ConnectionHandler.process(AbstractProtocol.java:868)
	at org.apache.tomcat.util.net.NioEndpoint$SocketProcessor.doRun(NioEndpoint.java:1589)
	at org.apache.tomcat.util.net.SocketProcessorBase.run(SocketProcessorBase.java:49)
	at java.util.concurrent.ThreadPoolExecutor.runWorker(ThreadPoolExecutor.java:1149)
	at java.util.concurrent.ThreadPoolExecutor$Worker.run(ThreadPoolExecutor.java:624)
	at org.apache.tomcat.util.threads.TaskThread$WrappingRunnable.run(TaskThread.java:61)
	at java.lang.Thread.run(Thread.java:748)
2021-01-22 11:18:39.890 INFO  [Thread-3] o.s.s.c.ThreadPoolTaskExecutor:Shutting down ExecutorService 'applicationTaskExecutor'
